-------------------------------------------------------------------------------
Test set: com.example.person.PersonApplicationTests
-------------------------------------------------------------------------------
Tests run: 1, Failures: 0, Errors: 1, Skipped: 0, Time elapsed: 22.664 s <<< FAILURE! - in com.example.person.PersonApplicationTests
contextLoads  Time elapsed: 0.016 s  <<< ERROR!
java.lang.IllegalStateException: Failed to load ApplicationContext
Caused by: org.springframework.beans.factory.BeanCreationException: Error creating bean with name 'schemaParser' defined in class path resource [graphql/kickstart/tools/boot/GraphQLJavaToolsAutoConfiguration.class]: Bean instantiation via factory method failed; nested exception is org.springframework.beans.BeanInstantiationException: Failed to instantiate [graphql.kickstart.tools.SchemaParser]: Factory method 'schemaParser' threw exception; nested exception is graphql.parser.InvalidSyntaxException: Invalid Syntax : There are more tokens in the query that have not been consumed offending token 'logging' at line 19 column 1
Caused by: org.springframework.beans.BeanInstantiationException: Failed to instantiate [graphql.kickstart.tools.SchemaParser]: Factory method 'schemaParser' threw exception; nested exception is graphql.parser.InvalidSyntaxException: Invalid Syntax : There are more tokens in the query that have not been consumed offending token 'logging' at line 19 column 1
Caused by: graphql.parser.InvalidSyntaxException: Invalid Syntax : There are more tokens in the query that have not been consumed offending token 'logging' at line 19 column 1

