<?xml version="1.0" encoding="UTF-8"?>
<testsuite xmlns:xsi="http://www.w3.org/2001/XMLSchema-instance" xsi:noNamespaceSchemaLocation="https://maven.apache.org/surefire/maven-surefire-plugin/xsd/surefire-test-report.xsd" name="com.example.person.PersonApplicationTests" time="22.664" tests="1" errors="1" skipped="0" failures="0">
  <properties>
[...]
</properties>
  <testcase name="contextLoads" classname="com.example.person.PersonApplicationTests" time="0.016">
    <error message="Failed to load ApplicationContext" type="java.lang.IllegalStateException">java.lang.IllegalStateException: Failed to load ApplicationContext
Caused by: org.springframework.beans.factory.BeanCreationException: Error creating bean with name 'schemaParser' defined in class path resource [graphql/kickstart/tools/boot/GraphQLJavaToolsAutoConfiguration.class]: Bean instantiation via factory method failed; nested exception is org.springframework.beans.BeanInstantiationException: Failed to instantiate [graphql.kickstart.tools.SchemaParser]: Factory method 'schemaParser' threw exception; nested exception is graphql.parser.InvalidSyntaxException: Invalid Syntax : There are more tokens in the query that have not been consumed offending token 'logging' at line 19 column 1
Caused by: org.springframework.beans.BeanInstantiationException: Failed to instantiate [graphql.kickstart.tools.SchemaParser]: Factory method 'schemaParser' threw exception; nested exception is graphql.parser.InvalidSyntaxException: Invalid Syntax : There are more tokens in the query that have not been consumed offending token 'logging' at line 19 column 1
Caused by: graphql.parser.InvalidSyntaxException: Invalid Syntax : There are more tokens in the query that have not been consumed offending token 'logging' at line 19 column 1
</error>
    <system-out><![CDATA[22:04:53.167 [main] DEBUG org.springframework.test.context.BootstrapUtils - Instantiating CacheAwareContextLoaderDelegate from class [org.springframework.test.context.cache.DefaultCacheAwareContextLoaderDelegate]
22:04:53.207 [main] DEBUG org.springframework.test.context.BootstrapUtils - Instantiating BootstrapContext using constructor [public org.springframework.test.context.support.DefaultBootstrapContext(java.lang.Class,org.springframework.test.context.CacheAwareContextLoaderDelegate)]
22:04:53.328 [main] DEBUG org.springframework.test.context.BootstrapUtils - Instantiating TestContextBootstrapper for test class [com.example.person.PersonApplicationTests] from class [org.springframework.boot.test.context.SpringBootTestContextBootstrapper]
22:04:53.362 [main] INFO org.springframework.boot.test.context.SpringBootTestContextBootstrapper - Neither @ContextConfiguration nor @ContextHierarchy found for test class [com.example.person.PersonApplicationTests], using SpringBootContextLoader
22:04:53.375 [main] DEBUG org.springframework.test.context.support.AbstractContextLoader - Did not detect default resource location for test class [com.example.person.PersonApplicationTests]: class path resource [com/example/person/PersonApplicationTests-context.xml] does not exist
22:04:53.376 [main] DEBUG org.springframework.test.context.support.AbstractContextLoader - Did not detect default resource location for test class [com.example.person.PersonApplicationTests]: class path resource [com/example/person/PersonApplicationTestsContext.groovy] does not exist
22:04:53.376 [main] INFO org.springframework.test.context.support.AbstractContextLoader - Could not detect default resource locations for test class [com.example.person.PersonApplicationTests]: no resource found for suffixes {-context.xml, Context.groovy}.
22:04:53.378 [main] INFO org.springframework.test.context.support.AnnotationConfigContextLoaderUtils - Could not detect default configuration classes for test class [com.example.person.PersonApplicationTests]: PersonApplicationTests does not declare any static, non-private, non-final, nested classes annotated with @Configuration.
22:04:53.522 [main] DEBUG org.springframework.test.context.support.ActiveProfilesUtils - Could not find an 'annotation declaring class' for annotation type [org.springframework.test.context.ActiveProfiles] and class [com.example.person.PersonApplicationTests]
22:04:53.681 [main] DEBUG org.springframework.context.annotation.ClassPathScanningCandidateComponentProvider - Identified candidate component class: file [C:\Users\user\OneDrive\Desktop\Person\target\classes\com\example\person\PersonApplication.class]
22:04:53.684 [main] INFO org.springframework.boot.test.context.SpringBootTestContextBootstrapper - Found @SpringBootConfiguration com.example.person.PersonApplication for test class com.example.person.PersonApplicationTests
22:04:54.041 [main] DEBUG org.springframework.boot.test.context.SpringBootTestContextBootstrapper - @TestExecutionListeners is not present for class [com.example.person.PersonApplicationTests]: using defaults.
22:04:54.042 [main] INFO org.springframework.boot.test.context.SpringBootTestContextBootstrapper - Loaded default TestExecutionListener class names from location [META-INF/spring.factories]: [org.springframework.boot.test.mock.mockito.MockitoTestExecutionListener, org.springframework.boot.test.mock.mockito.ResetMocksTestExecutionListener, org.springframework.boot.test.autoconfigure.restdocs.RestDocsTestExecutionListener, org.springframework.boot.test.autoconfigure.web.client.MockRestServiceServerResetTestExecutionListener, org.springframework.boot.test.autoconfigure.web.servlet.MockMvcPrintOnlyOnFailureTestExecutionListener, org.springframework.boot.test.autoconfigure.web.servlet.WebDriverTestExecutionListener, org.springframework.boot.test.autoconfigure.webservices.client.MockWebServiceServerTestExecutionListener, org.springframework.test.context.web.ServletTestExecutionListener, org.springframework.test.context.support.DirtiesContextBeforeModesTestExecutionListener, org.springframework.test.context.event.ApplicationEventsTestExecutionListener, org.springframework.test.context.support.DependencyInjectionTestExecutionListener, org.springframework.test.context.support.DirtiesContextTestExecutionListener, org.springframework.test.context.transaction.TransactionalTestExecutionListener, org.springframework.test.context.jdbc.SqlScriptsTestExecutionListener, org.springframework.test.context.event.EventPublishingTestExecutionListener]
22:04:54.207 [main] INFO org.springframework.boot.test.context.SpringBootTestContextBootstrapper - Using TestExecutionListeners: [org.springframework.test.context.web.ServletTestExecutionListener@600b90df, org.springframework.test.context.support.DirtiesContextBeforeModesTestExecutionListener@7c8c9a05, org.springframework.test.context.event.ApplicationEventsTestExecutionListener@d41f816, org.springframework.boot.test.mock.mockito.MockitoTestExecutionListener@5c2375a9, org.springframework.boot.test.autoconfigure.SpringBootDependencyInjectionTestExecutionListener@60129b9a, org.springframework.test.context.support.DirtiesContextTestExecutionListener@78d6692f, org.springframework.test.context.transaction.TransactionalTestExecutionListener@7a55af6b, org.springframework.test.context.jdbc.SqlScriptsTestExecutionListener@3d9c13b5, org.springframework.test.context.event.EventPublishingTestExecutionListener@492691d7, org.springframework.boot.test.mock.mockito.ResetMocksTestExecutionListener@27216cd, org.springframework.boot.test.autoconfigure.restdocs.RestDocsTestExecutionListener@558bdf1f, org.springframework.boot.test.autoconfigure.web.client.MockRestServiceServerResetTestExecutionListener@8576fa0, org.springframework.boot.test.autoconfigure.web.servlet.MockMvcPrintOnlyOnFailureTestExecutionListener@7582ff54, org.springframework.boot.test.autoconfigure.web.servlet.WebDriverTestExecutionListener@67545b57, org.springframework.boot.test.autoconfigure.webservices.client.MockWebServiceServerTestExecutionListener@6c2c1385]
22:04:54.232 [main] DEBUG org.springframework.test.context.support.AbstractDirtiesContextTestExecutionListener - Before test class: context [DefaultTestContext@4ae9cfc1 testClass = PersonApplicationTests, testInstance = [null], testMethod = [null], testException = [null], mergedContextConfiguration = [WebMergedContextConfiguration@512baff6 testClass = PersonApplicationTests, locations = '{}', classes = '{class com.example.person.PersonApplication}', contextInitializerClasses = '[]', activeProfiles = '{}', propertySourceLocations = '{}', propertySourceProperties = '{org.springframework.boot.test.context.SpringBootTestContextBootstrapper=true}', contextCustomizers = set[org.springframework.boot.test.context.filter.ExcludeFilterContextCustomizer@f736069, org.springframework.boot.test.json.DuplicateJsonObjectContextCustomizerFactory$DuplicateJsonObjectContextCustomizer@4229bb3f, org.springframework.boot.test.mock.mockito.MockitoContextCustomizer@0, org.springframework.boot.test.web.client.TestRestTemplateContextCustomizer@58695725, org.springframework.boot.test.autoconfigure.actuate.metrics.MetricsExportContextCustomizerFactory$DisableMetricExportContextCustomizer@58d75e99, org.springframework.boot.test.autoconfigure.properties.PropertyMappingContextCustomizer@0, org.springframework.boot.test.autoconfigure.web.servlet.WebDriverContextCustomizerFactory$Customizer@4803b726, org.springframework.boot.test.context.SpringBootTestArgs@1, org.springframework.boot.test.context.SpringBootTestWebEnvironment@1e7c7811], resourceBasePath = 'src/main/webapp', contextLoader = 'org.springframework.boot.test.context.SpringBootContextLoader', parent = [null]], attributes = map['org.springframework.test.context.web.ServletTestExecutionListener.activateListener' -> true]], class annotated with @DirtiesContext [false] with mode [null].

  .   ____          _            __ _ _
 /\\ / ___'_ __ _ _(_)_ __  __ _ \ \ \ \
( ( )\___ | '_ | '_| | '_ \/ _` | \ \ \ \
 \\/  ___)| |_)| | | | | || (_| |  ) ) ) )
  '  |____| .__|_| |_|_| |_\__, | / / / /
 =========|_|==============|___/=/_/_/_/
 :: Spring Boot ::                (v2.6.3)

2023-09-27 22:04:55.306  INFO 1732 --- [           main] c.example.person.PersonApplicationTests  : Starting PersonApplicationTests using Java 19.0.1 on DESKTOP-4ACFINM with PID 1732 (started by user in C:\Users\user\OneDrive\Desktop\Person)
2023-09-27 22:04:55.309  INFO 1732 --- [           main] c.example.person.PersonApplicationTests  : No active profile set, falling back to default profiles: default
2023-09-27 22:04:55.313 DEBUG 1732 --- [           main] o.s.boot.SpringApplication               : Loading source class com.example.person.PersonApplication
2023-09-27 22:04:55.473 DEBUG 1732 --- [           main] o.s.w.c.s.GenericWebApplicationContext   : Refreshing org.springframework.web.context.support.GenericWebApplicationContext@751d3241
2023-09-27 22:04:55.580 DEBUG 1732 --- [           main] o.s.b.f.s.DefaultListableBeanFactory     : Creating shared instance of singleton bean 'org.springframework.context.annotation.internalConfigurationAnnotationProcessor'
2023-09-27 22:04:55.653 DEBUG 1732 --- [           main] o.s.b.f.s.DefaultListableBeanFactory     : Creating shared instance of singleton bean 'org.springframework.boot.autoconfigure.internalCachingMetadataReaderFactory'
2023-09-27 22:04:55.864 DEBUG 1732 --- [           main] o.s.c.a.ClassPathBeanDefinitionScanner   : Identified candidate component class: file [C:\Users\user\OneDrive\Desktop\Person\target\classes\com\example\person\resolver\PersonResolver.class]
2023-09-27 22:04:59.792 DEBUG 1732 --- [           main] o.s.d.n.repository.config.StartupLogger  : Bootstrapping imperative Neo4j repositories based on SDN v6.2.1 with Spring Data Commons v2.6.1 and Neo4j Driver v4.4.9-e855bcc800deff6ddcf064c822314bb5c8d08c53.
2023-09-27 22:04:59.793  INFO 1732 --- [           main] .s.d.r.c.RepositoryConfigurationDelegate : Bootstrapping Spring Data Neo4j repositories in DEFAULT mode.
2023-09-27 22:04:59.806 DEBUG 1732 --- [           main] o.s.b.f.s.DefaultListableBeanFactory     : Creating shared instance of singleton bean 'org.springframework.boot.autoconfigure.AutoConfigurationPackages'
2023-09-27 22:04:59.807 DEBUG 1732 --- [           main] o.s.b.a.AutoConfigurationPackages        : @EnableAutoConfiguration was declared on a class in the package 'com.example.person'. Automatic @Repository and @Entity scanning is enabled.
2023-09-27 22:04:59.811 DEBUG 1732 --- [           main] .s.d.r.c.RepositoryConfigurationDelegate : Scanning for Neo4j repositories in packages com.example.person.
2023-09-27 22:04:59.833 DEBUG 1732 --- [           main] o.s.d.r.c.RepositoryComponentProvider    : Identified candidate component class: file [C:\Users\user\OneDrive\Desktop\Person\target\classes\com\example\person\repository\PersonRepository.class]
2023-09-27 22:04:59.948  INFO 1732 --- [           main] .s.d.r.c.RepositoryConfigurationDelegate : Finished Spring Data repository scanning in 134 ms. Found 1 Neo4j repository interfaces.
2023-09-27 22:05:00.627 DEBUG 1732 --- [           main] o.s.b.f.s.DefaultListableBeanFactory     : Creating shared instance of singleton bean 'propertySourcesPlaceholderConfigurer'
2023-09-27 22:05:00.649 DEBUG 1732 --- [           main] o.s.b.f.s.DefaultListableBeanFactory     : Creating shared instance of singleton bean 'org.springframework.boot.test.mock.mockito.MockitoPostProcessor'
2023-09-27 22:05:00.667 DEBUG 1732 --- [           main] o.s.b.f.s.DefaultListableBeanFactory     : Creating shared instance of singleton bean 'org.springframework.boot.sql.init.dependency.DatabaseInitializationDependencyConfigurer$DependsOnDatabaseInitializationPostProcessor'
2023-09-27 22:05:00.749 DEBUG 1732 --- [           main] o.s.b.f.s.DefaultListableBeanFactory     : Creating shared instance of singleton bean 'org.springframework.context.event.internalEventListenerProcessor'
2023-09-27 22:05:00.753 DEBUG 1732 --- [           main] o.s.b.f.s.DefaultListableBeanFactory     : Creating shared instance of singleton bean 'preserveErrorControllerTargetClassPostProcessor'
2023-09-27 22:05:00.755 DEBUG 1732 --- [           main] o.s.b.f.s.DefaultListableBeanFactory     : Creating shared instance of singleton bean 'forceAutoProxyCreatorToUseClassProxying'
2023-09-27 22:05:00.757 DEBUG 1732 --- [           main] o.s.b.f.s.DefaultListableBeanFactory     : Creating shared instance of singleton bean 'conversionServicePostProcessor'
2023-09-27 22:05:00.825 DEBUG 1732 --- [           main] o.s.b.f.s.DefaultListableBeanFactory     : Creating shared instance of singleton bean 'org.springframework.context.event.internalEventListenerFactory'
2023-09-27 22:05:00.827 DEBUG 1732 --- [           main] o.s.b.f.s.DefaultListableBeanFactory     : Creating shared instance of singleton bean 'org.springframework.transaction.config.internalTransactionalEventListenerFactory'
2023-09-27 22:05:00.842 DEBUG 1732 --- [           main] o.s.b.f.s.DefaultListableBeanFactory     : Creating shared instance of singleton bean 'org.springframework.boot.test.mock.mockito.MockitoPostProcessor$SpyPostProcessor'
2023-09-27 22:05:00.847 DEBUG 1732 --- [           main] o.s.b.f.s.DefaultListableBeanFactory     : Creating shared instance of singleton bean 'org.springframework.context.annotation.internalAutowiredAnnotationProcessor'
2023-09-27 22:05:00.852 DEBUG 1732 --- [           main] o.s.b.f.s.DefaultListableBeanFactory     : Creating shared instance of singleton bean 'org.springframework.context.annotation.internalCommonAnnotationProcessor'
2023-09-27 22:05:00.869 DEBUG 1732 --- [           main] o.s.b.f.s.DefaultListableBeanFactory     : Creating shared instance of singleton bean 'org.springframework.boot.context.properties.ConfigurationPropertiesBindingPostProcessor'
2023-09-27 22:05:00.870 DEBUG 1732 --- [           main] o.s.b.f.s.DefaultListableBeanFactory     : Creating shared instance of singleton bean 'org.springframework.boot.context.internalConfigurationPropertiesBinder'
2023-09-27 22:05:00.871 DEBUG 1732 --- [           main] o.s.b.f.s.DefaultListableBeanFactory     : Creating shared instance of singleton bean 'org.springframework.boot.context.internalConfigurationPropertiesBinderFactory'
2023-09-27 22:05:00.885 DEBUG 1732 --- [           main] o.s.b.f.s.DefaultListableBeanFactory     : Creating shared instance of singleton bean 'persistenceExceptionTranslationPostProcessor'
2023-09-27 22:05:00.920 DEBUG 1732 --- [           main] o.s.b.f.s.DefaultListableBeanFactory     : Autowiring by type from bean name 'persistenceExceptionTranslationPostProcessor' via factory method to bean named 'environment'
2023-09-27 22:05:00.984 DEBUG 1732 --- [           main] o.s.b.f.s.DefaultListableBeanFactory     : Creating shared instance of singleton bean 'org.springframework.aop.config.internalAutoProxyCreator'
2023-09-27 22:05:01.038 DEBUG 1732 --- [           main] o.s.b.f.s.DefaultListableBeanFactory     : Creating shared instance of singleton bean 'webServerFactoryCustomizerBeanPostProcessor'
2023-09-27 22:05:01.049 DEBUG 1732 --- [           main] o.s.b.f.s.DefaultListableBeanFactory     : Creating shared instance of singleton bean 'errorPageRegistrarBeanPostProcessor'
2023-09-27 22:05:01.058 DEBUG 1732 --- [           main] o.s.b.f.s.DefaultListableBeanFactory     : Creating shared instance of singleton bean 'meterRegistryPostProcessor'
2023-09-27 22:05:01.068 DEBUG 1732 --- [           main] o.s.b.f.s.DefaultListableBeanFactory     : Autowiring by type from bean name 'meterRegistryPostProcessor' via factory method to bean named 'org.springframework.web.context.support.GenericWebApplicationContext@751d3241'
2023-09-27 22:05:01.091 DEBUG 1732 --- [           main] o.s.b.f.s.DefaultListableBeanFactory     : Creating shared instance of singleton bean 'org.springframework.transaction.config.internalTransactionAdvisor'
2023-09-27 22:05:01.093 DEBUG 1732 --- [           main] o.s.b.f.s.DefaultListableBeanFactory     : Creating shared instance of singleton bean 'org.springframework.transaction.annotation.ProxyTransactionManagementConfiguration'
2023-09-27 22:05:01.124 DEBUG 1732 --- [           main] o.s.b.f.s.DefaultListableBeanFactory     : Creating shared instance of singleton bean 'transactionAttributeSource'
2023-09-27 22:05:01.141 DEBUG 1732 --- [           main] o.s.b.f.s.DefaultListableBeanFactory     : Creating shared instance of singleton bean 'transactionInterceptor'
2023-09-27 22:05:01.144 DEBUG 1732 --- [           main] o.s.b.f.s.DefaultListableBeanFactory     : Autowiring by type from bean name 'transactionInterceptor' via factory method to bean named 'transactionAttributeSource'
2023-09-27 22:05:01.188 DEBUG 1732 --- [           main] o.s.b.f.s.DefaultListableBeanFactory     : Autowiring by type from bean name 'org.springframework.transaction.config.internalTransactionAdvisor' via factory method to bean named 'transactionAttributeSource'
2023-09-27 22:05:01.188 DEBUG 1732 --- [           main] o.s.b.f.s.DefaultListableBeanFactory     : Autowiring by type from bean name 'org.springframework.transaction.config.internalTransactionAdvisor' via factory method to bean named 'transactionInterceptor'
2023-09-27 22:05:01.219 DEBUG 1732 --- [           main] o.s.b.f.s.DefaultListableBeanFactory     : Creating shared instance of singleton bean 'healthEndpointGroupsBeanPostProcessor'
2023-09-27 22:05:01.232 DEBUG 1732 --- [           main] o.s.b.f.s.DefaultListableBeanFactory     : Creating shared instance of singleton bean 'metricsRepositoryMethodInvocationListenerBeanPostProcessor'
2023-09-27 22:05:01.245 DEBUG 1732 --- [           main] o.s.b.f.s.DefaultListableBeanFactory     : Creating shared instance of singleton bean 'projectingArgumentResolverBeanPostProcessor'
2023-09-27 22:05:01.361 DEBUG 1732 --- [           main] o.s.u.c.s.UiApplicationContextUtils      : Unable to locate ThemeSource with name 'themeSource': using default [org.springframework.ui.context.support.ResourceBundleThemeSource@4c361f63]
2023-09-27 22:05:01.369 DEBUG 1732 --- [           main] o.s.b.f.s.DefaultListableBeanFactory     : Creating shared instance of singleton bean 'personApplication'
2023-09-27 22:05:01.400 DEBUG 1732 --- [           main] o.s.b.f.s.DefaultListableBeanFactory     : Creating shared instance of singleton bean 'personResolver'
2023-09-27 22:05:01.426 DEBUG 1732 --- [           main] o.s.b.f.s.DefaultListableBeanFactory     : Creating shared instance of singleton bean 'personRepository'
2023-09-27 22:05:01.659 DEBUG 1732 --- [           main] o.s.b.f.s.DefaultListableBeanFactory     : Creating shared instance of singleton bean 'neo4jTemplate'
2023-09-27 22:05:01.660 DEBUG 1732 --- [           main] o.s.b.f.s.DefaultListableBeanFactory     : Creating shared instance of singleton bean 'org.springframework.boot.autoconfigure.data.neo4j.Neo4jDataAutoConfiguration'
2023-09-27 22:05:01.677 DEBUG 1732 --- [           main] o.s.b.f.s.DefaultListableBeanFactory     : Creating shared instance of singleton bean 'neo4jClient'
2023-09-27 22:05:01.681 DEBUG 1732 --- [           main] o.s.b.f.s.DefaultListableBeanFactory     : Creating shared instance of singleton bean 'neo4jDriver'
2023-09-27 22:05:01.683 DEBUG 1732 --- [           main] o.s.b.f.s.DefaultListableBeanFactory     : Creating shared instance of singleton bean 'org.springframework.boot.autoconfigure.neo4j.Neo4jAutoConfiguration'
2023-09-27 22:05:01.697 DEBUG 1732 --- [           main] o.s.b.f.s.DefaultListableBeanFactory     : Creating shared instance of singleton bean 'spring.neo4j-org.springframework.boot.autoconfigure.neo4j.Neo4jProperties'
2023-09-27 22:05:01.708 DEBUG 1732 --- [           main] o.s.b.f.s.DefaultListableBeanFactory     : Creating shared instance of singleton bean 'org.springframework.boot.context.properties.BoundConfigurationProperties'
2023-09-27 22:05:01.824 DEBUG 1732 --- [           main] o.s.b.f.s.DefaultListableBeanFactory     : Autowiring by type from bean name 'neo4jDriver' via factory method to bean named 'spring.neo4j-org.springframework.boot.autoconfigure.neo4j.Neo4jProperties'
2023-09-27 22:05:01.825 DEBUG 1732 --- [           main] o.s.b.f.s.DefaultListableBeanFactory     : Autowiring by type from bean name 'neo4jDriver' via factory method to bean named 'environment'
2023-09-27 22:05:02.971  INFO 1732 --- [           main] org.neo4j.driver.internal.DriverFactory  : Routing driver instance 243440025 created for server address 3310a44d.databases.neo4j.io:7687
2023-09-27 22:05:02.999 DEBUG 1732 --- [           main] o.s.b.f.s.DefaultListableBeanFactory     : Creating shared instance of singleton bean 'databaseSelectionProvider'
2023-09-27 22:05:03.007 DEBUG 1732 --- [           main] o.s.b.f.s.DefaultListableBeanFactory     : Creating shared instance of singleton bean 'spring.data.neo4j-org.springframework.boot.autoconfigure.data.neo4j.Neo4jDataProperties'
2023-09-27 22:05:03.014 DEBUG 1732 --- [           main] o.s.b.f.s.DefaultListableBeanFactory     : Autowiring by type from bean name 'databaseSelectionProvider' via factory method to bean named 'spring.data.neo4j-org.springframework.boot.autoconfigure.data.neo4j.Neo4jDataProperties'
2023-09-27 22:05:03.055 DEBUG 1732 --- [           main] o.s.b.f.s.DefaultListableBeanFactory     : Autowiring by type from bean name 'neo4jClient' via factory method to bean named 'neo4jDriver'
2023-09-27 22:05:03.057 DEBUG 1732 --- [           main] o.s.b.f.s.DefaultListableBeanFactory     : Autowiring by type from bean name 'neo4jClient' via factory method to bean named 'databaseSelectionProvider'
2023-09-27 22:05:03.184 DEBUG 1732 --- [           main] o.s.data.convert.CustomConversions       : Adding converter from interface org.neo4j.driver.Value to class java.lang.Void as reading converter.
2023-09-27 22:05:03.185 DEBUG 1732 --- [           main] o.s.data.convert.CustomConversions       : Adding converter from class java.lang.Void to interface org.neo4j.driver.Value as writing converter.
2023-09-27 22:05:03.185 DEBUG 1732 --- [           main] o.s.data.convert.CustomConversions       : Adding converter from void to interface org.neo4j.driver.Value as writing converter.
2023-09-27 22:05:03.185 DEBUG 1732 --- [           main] o.s.data.convert.CustomConversions       : Adding converter from interface org.neo4j.driver.Value to void as reading converter.
2023-09-27 22:05:03.185 DEBUG 1732 --- [           main] o.s.data.convert.CustomConversions       : Adding converter from class java.lang.Boolean to interface org.neo4j.driver.Value as writing converter.
2023-09-27 22:05:03.186 DEBUG 1732 --- [           main] o.s.data.convert.CustomConversions       : Adding converter from interface org.neo4j.driver.Value to class java.lang.Boolean as reading converter.
2023-09-27 22:05:03.186 DEBUG 1732 --- [           main] o.s.data.convert.CustomConversions       : Adding converter from boolean to interface org.neo4j.driver.Value as writing converter.
2023-09-27 22:05:03.187 DEBUG 1732 --- [           main] o.s.data.convert.CustomConversions       : Adding converter from interface org.neo4j.driver.Value to boolean as reading converter.
2023-09-27 22:05:03.187 DEBUG 1732 --- [           main] o.s.data.convert.CustomConversions       : Adding converter from interface org.neo4j.driver.Value to class java.lang.Long as reading converter.
2023-09-27 22:05:03.187 DEBUG 1732 --- [           main] o.s.data.convert.CustomConversions       : Adding converter from class java.lang.Long to interface org.neo4j.driver.Value as writing converter.
2023-09-27 22:05:03.187 DEBUG 1732 --- [           main] o.s.data.convert.CustomConversions       : Adding converter from interface org.neo4j.driver.Value to long as reading converter.
2023-09-27 22:05:03.188 DEBUG 1732 --- [           main] o.s.data.convert.CustomConversions       : Adding converter from long to interface org.neo4j.driver.Value as writing converter.
2023-09-27 22:05:03.189 DEBUG 1732 --- [           main] o.s.data.convert.CustomConversions       : Adding converter from interface org.neo4j.driver.Value to class java.lang.Double as reading converter.
2023-09-27 22:05:03.189 DEBUG 1732 --- [           main] o.s.data.convert.CustomConversions       : Adding converter from class java.lang.Double to interface org.neo4j.driver.Value as writing converter.
2023-09-27 22:05:03.189 DEBUG 1732 --- [           main] o.s.data.convert.CustomConversions       : Adding converter from double to interface org.neo4j.driver.Value as writing converter.
2023-09-27 22:05:03.189 DEBUG 1732 --- [           main] o.s.data.convert.CustomConversions       : Adding converter from interface org.neo4j.driver.Value to double as reading converter.
2023-09-27 22:05:03.189 DEBUG 1732 --- [           main] o.s.data.convert.CustomConversions       : Adding converter from class java.lang.String to interface org.neo4j.driver.Value as writing converter.
2023-09-27 22:05:03.190 DEBUG 1732 --- [           main] o.s.data.convert.CustomConversions       : Adding converter from interface org.neo4j.driver.Value to class java.lang.String as reading converter.
2023-09-27 22:05:03.190 DEBUG 1732 --- [           main] o.s.data.convert.CustomConversions       : Adding converter from class [B to interface org.neo4j.driver.Value as writing converter.
2023-09-27 22:05:03.190 DEBUG 1732 --- [           main] o.s.data.convert.CustomConversions       : Adding converter from interface org.neo4j.driver.Value to class [B as reading converter.
2023-09-27 22:05:03.191 DEBUG 1732 --- [           main] o.s.data.convert.CustomConversions       : Adding converter from class java.time.LocalDate to interface org.neo4j.driver.Value as writing converter.
2023-09-27 22:05:03.192 DEBUG 1732 --- [           main] o.s.data.convert.CustomConversions       : Adding converter from interface org.neo4j.driver.Value to class java.time.LocalDate as reading converter.
2023-09-27 22:05:03.194 DEBUG 1732 --- [           main] o.s.data.convert.CustomConversions       : Adding converter from interface org.neo4j.driver.Value to class java.time.OffsetTime as reading converter.
2023-09-27 22:05:03.194 DEBUG 1732 --- [           main] o.s.data.convert.CustomConversions       : Adding converter from class java.time.OffsetTime to interface org.neo4j.driver.Value as writing converter.
2023-09-27 22:05:03.195 DEBUG 1732 --- [           main] o.s.data.convert.CustomConversions       : Adding converter from interface org.neo4j.driver.Value to class java.time.LocalTime as reading converter.
2023-09-27 22:05:03.196 DEBUG 1732 --- [           main] o.s.data.convert.CustomConversions       : Adding converter from class java.time.LocalTime to interface org.neo4j.driver.Value as writing converter.
2023-09-27 22:05:03.196 DEBUG 1732 --- [           main] o.s.data.convert.CustomConversions       : Adding converter from class java.time.ZonedDateTime to interface org.neo4j.driver.Value as writing converter.
2023-09-27 22:05:03.196 DEBUG 1732 --- [           main] o.s.data.convert.CustomConversions       : Adding converter from interface org.neo4j.driver.Value to class java.time.ZonedDateTime as reading converter.
2023-09-27 22:05:03.196 DEBUG 1732 --- [           main] o.s.data.convert.CustomConversions       : Adding converter from class java.time.LocalDateTime to interface org.neo4j.driver.Value as writing converter.
2023-09-27 22:05:03.196 DEBUG 1732 --- [           main] o.s.data.convert.CustomConversions       : Adding converter from interface org.neo4j.driver.Value to class java.time.LocalDateTime as reading converter.
2023-09-27 22:05:03.196 DEBUG 1732 --- [           main] o.s.data.convert.CustomConversions       : Adding converter from interface org.neo4j.driver.types.IsoDuration to interface org.neo4j.driver.Value as writing converter.
2023-09-27 22:05:03.197 DEBUG 1732 --- [           main] o.s.data.convert.CustomConversions       : Adding converter from interface org.neo4j.driver.Value to interface org.neo4j.driver.types.IsoDuration as reading converter.
2023-09-27 22:05:03.197 DEBUG 1732 --- [           main] o.s.data.convert.CustomConversions       : Adding converter from interface org.neo4j.driver.Value to interface org.neo4j.driver.types.Point as reading converter.
2023-09-27 22:05:03.197 DEBUG 1732 --- [           main] o.s.data.convert.CustomConversions       : Adding converter from interface org.neo4j.driver.types.Point to interface org.neo4j.driver.Value as writing converter.
2023-09-27 22:05:03.197 DEBUG 1732 --- [           main] o.s.data.convert.CustomConversions       : Adding converter from class [Z to interface org.neo4j.driver.Value as writing converter.
2023-09-27 22:05:03.198 DEBUG 1732 --- [           main] o.s.data.convert.CustomConversions       : Adding converter from interface org.neo4j.driver.Value to class [Z as reading converter.
2023-09-27 22:05:03.199 DEBUG 1732 --- [           main] o.s.data.convert.CustomConversions       : Adding converter from class java.lang.Byte to interface org.neo4j.driver.Value as writing converter.
2023-09-27 22:05:03.199 DEBUG 1732 --- [           main] o.s.data.convert.CustomConversions       : Adding converter from interface org.neo4j.driver.Value to class java.lang.Byte as reading converter.
2023-09-27 22:05:03.199 DEBUG 1732 --- [           main] o.s.data.convert.CustomConversions       : Adding converter from byte to interface org.neo4j.driver.Value as writing converter.
2023-09-27 22:05:03.200 DEBUG 1732 --- [           main] o.s.data.convert.CustomConversions       : Adding converter from interface org.neo4j.driver.Value to byte as reading converter.
2023-09-27 22:05:03.201 DEBUG 1732 --- [           main] o.s.data.convert.CustomConversions       : Adding converter from class java.lang.Character to interface org.neo4j.driver.Value as writing converter.
2023-09-27 22:05:03.201 DEBUG 1732 --- [           main] o.s.data.convert.CustomConversions       : Adding converter from interface org.neo4j.driver.Value to class java.lang.Character as reading converter.
2023-09-27 22:05:03.201 DEBUG 1732 --- [           main] o.s.data.convert.CustomConversions       : Adding converter from char to interface org.neo4j.driver.Value as writing converter.
2023-09-27 22:05:03.201 DEBUG 1732 --- [           main] o.s.data.convert.CustomConversions       : Adding converter from interface org.neo4j.driver.Value to char as reading converter.
2023-09-27 22:05:03.201 DEBUG 1732 --- [           main] o.s.data.convert.CustomConversions       : Adding converter from interface org.neo4j.driver.Value to class [C as reading converter.
2023-09-27 22:05:03.201 DEBUG 1732 --- [           main] o.s.data.convert.CustomConversions       : Adding converter from class [C to interface org.neo4j.driver.Value as writing converter.
2023-09-27 22:05:03.202 DEBUG 1732 --- [           main] o.s.data.convert.CustomConversions       : Adding converter from interface org.neo4j.driver.Value to class java.util.Date as reading converter.
2023-09-27 22:05:03.203 DEBUG 1732 --- [           main] o.s.data.convert.CustomConversions       : Adding converter from class java.util.Date to interface org.neo4j.driver.Value as writing converter.
2023-09-27 22:05:03.205 DEBUG 1732 --- [           main] o.s.data.convert.CustomConversions       : Adding converter from interface org.neo4j.driver.Value to class [D as reading converter.
2023-09-27 22:05:03.206 DEBUG 1732 --- [           main] o.s.data.convert.CustomConversions       : Adding converter from class [D to interface org.neo4j.driver.Value as writing converter.
2023-09-27 22:05:03.207 DEBUG 1732 --- [           main] o.s.data.convert.CustomConversions       : Adding converter from interface org.neo4j.driver.Value to class java.lang.Enum as reading converter.
2023-09-27 22:05:03.207 DEBUG 1732 --- [           main] o.s.data.convert.CustomConversions       : Adding converter from class java.lang.Enum to interface org.neo4j.driver.Value as reading converter.
2023-09-27 22:05:03.207 DEBUG 1732 --- [           main] o.s.data.convert.CustomConversions       : Adding converter from class java.lang.Float to interface org.neo4j.driver.Value as writing converter.
2023-09-27 22:05:03.208 DEBUG 1732 --- [           main] o.s.data.convert.CustomConversions       : Adding converter from interface org.neo4j.driver.Value to class java.lang.Float as reading converter.
2023-09-27 22:05:03.208 DEBUG 1732 --- [           main] o.s.data.convert.CustomConversions       : Adding converter from interface org.neo4j.driver.Value to float as reading converter.
2023-09-27 22:05:03.209 DEBUG 1732 --- [           main] o.s.data.convert.CustomConversions       : Adding converter from float to interface org.neo4j.driver.Value as writing converter.
2023-09-27 22:05:03.210 DEBUG 1732 --- [           main] o.s.data.convert.CustomConversions       : Adding converter from class [F to interface org.neo4j.driver.Value as writing converter.
2023-09-27 22:05:03.210 DEBUG 1732 --- [           main] o.s.data.convert.CustomConversions       : Adding converter from interface org.neo4j.driver.Value to class [F as reading converter.
2023-09-27 22:05:03.210 DEBUG 1732 --- [           main] o.s.data.convert.CustomConversions       : Adding converter from interface org.neo4j.driver.Value to class java.lang.Integer as reading converter.
2023-09-27 22:05:03.211 DEBUG 1732 --- [           main] o.s.data.convert.CustomConversions       : Adding converter from class java.lang.Integer to interface org.neo4j.driver.Value as writing converter.
2023-09-27 22:05:03.212 DEBUG 1732 --- [           main] o.s.data.convert.CustomConversions       : Adding converter from interface org.neo4j.driver.Value to int as reading converter.
2023-09-27 22:05:03.212 DEBUG 1732 --- [           main] o.s.data.convert.CustomConversions       : Adding converter from int to interface org.neo4j.driver.Value as writing converter.
2023-09-27 22:05:03.213 DEBUG 1732 --- [           main] o.s.data.convert.CustomConversions       : Adding converter from interface org.neo4j.driver.Value to class [I as reading converter.
2023-09-27 22:05:03.214 DEBUG 1732 --- [           main] o.s.data.convert.CustomConversions       : Adding converter from class [I to interface org.neo4j.driver.Value as writing converter.
2023-09-27 22:05:03.215 DEBUG 1732 --- [           main] o.s.data.convert.CustomConversions       : Adding converter from class java.util.Locale to interface org.neo4j.driver.Value as writing converter.
2023-09-27 22:05:03.215 DEBUG 1732 --- [           main] o.s.data.convert.CustomConversions       : Adding converter from interface org.neo4j.driver.Value to class java.util.Locale as reading converter.
2023-09-27 22:05:03.216 DEBUG 1732 --- [           main] o.s.data.convert.CustomConversions       : Adding converter from interface org.neo4j.driver.Value to class [J as reading converter.
2023-09-27 22:05:03.216 DEBUG 1732 --- [           main] o.s.data.convert.CustomConversions       : Adding converter from class [J to interface org.neo4j.driver.Value as writing converter.
2023-09-27 22:05:03.216 DEBUG 1732 --- [           main] o.s.data.convert.CustomConversions       : Adding converter from interface org.neo4j.driver.Value to class java.lang.Short as reading converter.
2023-09-27 22:05:03.217 DEBUG 1732 --- [           main] o.s.data.convert.CustomConversions       : Adding converter from class java.lang.Short to interface org.neo4j.driver.Value as writing converter.
2023-09-27 22:05:03.217 DEBUG 1732 --- [           main] o.s.data.convert.CustomConversions       : Adding converter from interface org.neo4j.driver.Value to short as reading converter.
2023-09-27 22:05:03.217 DEBUG 1732 --- [           main] o.s.data.convert.CustomConversions       : Adding converter from short to interface org.neo4j.driver.Value as writing converter.
2023-09-27 22:05:03.218 DEBUG 1732 --- [           main] o.s.data.convert.CustomConversions       : Adding converter from class [S to interface org.neo4j.driver.Value as writing converter.
2023-09-27 22:05:03.218 DEBUG 1732 --- [           main] o.s.data.convert.CustomConversions       : Adding converter from interface org.neo4j.driver.Value to class [S as reading converter.
2023-09-27 22:05:03.218 DEBUG 1732 --- [           main] o.s.data.convert.CustomConversions       : Adding converter from interface org.neo4j.driver.Value to class [Ljava.lang.String; as reading converter.
2023-09-27 22:05:03.218 DEBUG 1732 --- [           main] o.s.data.convert.CustomConversions       : Adding converter from class [Ljava.lang.String; to interface org.neo4j.driver.Value as writing converter.
2023-09-27 22:05:03.219 DEBUG 1732 --- [           main] o.s.data.convert.CustomConversions       : Adding converter from class java.math.BigDecimal to interface org.neo4j.driver.Value as writing converter.
2023-09-27 22:05:03.219 DEBUG 1732 --- [           main] o.s.data.convert.CustomConversions       : Adding converter from interface org.neo4j.driver.Value to class java.math.BigDecimal as reading converter.
2023-09-27 22:05:03.219 DEBUG 1732 --- [           main] o.s.data.convert.CustomConversions       : Adding converter from interface org.neo4j.driver.Value to class java.math.BigInteger as reading converter.
2023-09-27 22:05:03.220 DEBUG 1732 --- [           main] o.s.data.convert.CustomConversions       : Adding converter from class java.math.BigInteger to interface org.neo4j.driver.Value as writing converter.
2023-09-27 22:05:03.220 DEBUG 1732 --- [           main] o.s.data.convert.CustomConversions       : Adding converter from interface java.time.temporal.TemporalAmount to interface org.neo4j.driver.Value as reading converter.
2023-09-27 22:05:03.221 DEBUG 1732 --- [           main] o.s.data.convert.CustomConversions       : Adding converter from interface org.neo4j.driver.Value to interface java.time.temporal.TemporalAmount as reading converter.
2023-09-27 22:05:03.223 DEBUG 1732 --- [           main] o.s.data.convert.CustomConversions       : Adding converter from interface org.neo4j.driver.Value to class java.time.Instant as reading converter.
2023-09-27 22:05:03.223 DEBUG 1732 --- [           main] o.s.data.convert.CustomConversions       : Adding converter from class java.time.Instant to interface org.neo4j.driver.Value as writing converter.
2023-09-27 22:05:03.223 DEBUG 1732 --- [           main] o.s.data.convert.CustomConversions       : Adding converter from class java.util.UUID to interface org.neo4j.driver.Value as writing converter.
2023-09-27 22:05:03.224 DEBUG 1732 --- [           main] o.s.data.convert.CustomConversions       : Adding converter from interface org.neo4j.driver.Value to class java.util.UUID as reading converter.
2023-09-27 22:05:03.224 DEBUG 1732 --- [           main] o.s.data.convert.CustomConversions       : Adding converter from class java.net.URL to interface org.neo4j.driver.Value as writing converter.
2023-09-27 22:05:03.224 DEBUG 1732 --- [           main] o.s.data.convert.CustomConversions       : Adding converter from interface org.neo4j.driver.Value to class java.net.URL as reading converter.
2023-09-27 22:05:03.224 DEBUG 1732 --- [           main] o.s.data.convert.CustomConversions       : Adding converter from class java.net.URI to interface org.neo4j.driver.Value as writing converter.
2023-09-27 22:05:03.225 DEBUG 1732 --- [           main] o.s.data.convert.CustomConversions       : Adding converter from interface org.neo4j.driver.Value to class java.net.URI as reading converter.
2023-09-27 22:05:03.225 DEBUG 1732 --- [           main] o.s.data.convert.CustomConversions       : Adding converter from interface org.neo4j.driver.Value to class java.util.TimeZone as reading converter.
2023-09-27 22:05:03.226 DEBUG 1732 --- [           main] o.s.data.convert.CustomConversions       : Adding converter from class java.util.TimeZone to interface org.neo4j.driver.Value as writing converter.
2023-09-27 22:05:03.226 DEBUG 1732 --- [           main] o.s.data.convert.CustomConversions       : Adding converter from interface org.neo4j.driver.Value to class java.time.ZoneId as reading converter.
2023-09-27 22:05:03.226 DEBUG 1732 --- [           main] o.s.data.convert.CustomConversions       : Adding converter from class java.time.ZoneId to interface org.neo4j.driver.Value as writing converter.
2023-09-27 22:05:03.226 DEBUG 1732 --- [           main] o.s.data.convert.CustomConversions       : Adding converter from interface org.neo4j.driver.Value to interface org.neo4j.driver.types.Entity as reading converter.
2023-09-27 22:05:03.226 DEBUG 1732 --- [           main] o.s.data.convert.CustomConversions       : Adding converter from interface org.neo4j.driver.Value to interface org.neo4j.driver.types.Node as reading converter.
2023-09-27 22:05:03.226 DEBUG 1732 --- [           main] o.s.data.convert.CustomConversions       : Adding converter from interface org.neo4j.driver.Value to interface org.neo4j.driver.types.Relationship as reading converter.
2023-09-27 22:05:03.227 DEBUG 1732 --- [           main] o.s.data.convert.CustomConversions       : Adding converter from class org.springframework.data.geo.Point to interface org.neo4j.driver.Value as writing converter.
2023-09-27 22:05:03.228 DEBUG 1732 --- [           main] o.s.data.convert.CustomConversions       : Adding converter from interface org.neo4j.driver.Value to class org.springframework.data.geo.Point as reading converter.
2023-09-27 22:05:03.230 DEBUG 1732 --- [           main] o.s.data.convert.CustomConversions       : Adding converter from interface org.neo4j.driver.Value to class [Lorg.springframework.data.geo.Point; as reading converter.
2023-09-27 22:05:03.231 DEBUG 1732 --- [           main] o.s.data.convert.CustomConversions       : Adding converter from class [Lorg.springframework.data.geo.Point; to interface org.neo4j.driver.Value as writing converter.
2023-09-27 22:05:03.231 DEBUG 1732 --- [           main] o.s.data.convert.CustomConversions       : Adding converter from interface org.neo4j.driver.Value to interface org.springframework.data.neo4j.types.Neo4jPoint as reading converter.
2023-09-27 22:05:03.232 DEBUG 1732 --- [           main] o.s.data.convert.CustomConversions       : Adding converter from interface org.springframework.data.neo4j.types.Neo4jPoint to interface org.neo4j.driver.Value as writing converter.
2023-09-27 22:05:03.233 DEBUG 1732 --- [           main] o.s.data.convert.CustomConversions       : Adding converter from class java.util.Date to class java.time.LocalDateTime as reading converter.
2023-09-27 22:05:03.233 DEBUG 1732 --- [           main] o.s.data.convert.CustomConversions       : Adding converter from class java.time.LocalDateTime to class java.util.Date as writing converter.
2023-09-27 22:05:03.233 DEBUG 1732 --- [           main] o.s.data.convert.CustomConversions       : Adding converter from class java.util.Date to class java.time.LocalDate as reading converter.
2023-09-27 22:05:03.233 DEBUG 1732 --- [           main] o.s.data.convert.CustomConversions       : Adding converter from class java.time.LocalDate to class java.util.Date as writing converter.
2023-09-27 22:05:03.234 DEBUG 1732 --- [           main] o.s.data.convert.CustomConversions       : Adding converter from class java.util.Date to class java.time.LocalTime as reading converter.
2023-09-27 22:05:03.235 DEBUG 1732 --- [           main] o.s.data.convert.CustomConversions       : Adding converter from class java.time.LocalTime to class java.util.Date as writing converter.
2023-09-27 22:05:03.236 DEBUG 1732 --- [           main] o.s.data.convert.CustomConversions       : Adding converter from class java.util.Date to class java.time.Instant as reading converter.
2023-09-27 22:05:03.243 DEBUG 1732 --- [           main] o.s.data.convert.CustomConversions       : Adding converter from class java.time.Instant to class java.util.Date as writing converter.
2023-09-27 22:05:03.244 DEBUG 1732 --- [           main] o.s.data.convert.CustomConversions       : Adding converter from class java.time.LocalDateTime to class java.time.Instant as reading converter.
2023-09-27 22:05:03.245 DEBUG 1732 --- [           main] o.s.data.convert.CustomConversions       : Adding converter from class java.time.Instant to class java.time.LocalDateTime as reading converter.
2023-09-27 22:05:03.245 DEBUG 1732 --- [           main] o.s.data.convert.CustomConversions       : Adding converter from class java.time.ZoneId to class java.lang.String as writing converter.
2023-09-27 22:05:03.245 DEBUG 1732 --- [           main] o.s.data.convert.CustomConversions       : Adding converter from class java.lang.String to class java.time.ZoneId as reading converter.
2023-09-27 22:05:03.246 DEBUG 1732 --- [           main] o.s.data.convert.CustomConversions       : Adding converter from class java.time.Duration to class java.lang.String as writing converter.
2023-09-27 22:05:03.246 DEBUG 1732 --- [           main] o.s.data.convert.CustomConversions       : Adding converter from class java.lang.String to class java.time.Duration as reading converter.
2023-09-27 22:05:03.246 DEBUG 1732 --- [           main] o.s.data.convert.CustomConversions       : Adding converter from class java.time.Period to class java.lang.String as writing converter.
2023-09-27 22:05:03.247 DEBUG 1732 --- [           main] o.s.data.convert.CustomConversions       : Adding converter from class java.lang.String to class java.time.Period as reading converter.
2023-09-27 22:05:03.247 DEBUG 1732 --- [           main] o.s.data.convert.CustomConversions       : Adding converter from class java.lang.String to class java.time.LocalDate as reading converter.
2023-09-27 22:05:03.247 DEBUG 1732 --- [           main] o.s.data.convert.CustomConversions       : Adding converter from class java.lang.String to class java.time.LocalDateTime as reading converter.
2023-09-27 22:05:03.248 DEBUG 1732 --- [           main] o.s.data.convert.CustomConversions       : Adding converter from class java.lang.String to class java.time.Instant as reading converter.
2023-09-27 22:05:03.286 DEBUG 1732 --- [           main] o.s.b.f.s.DefaultListableBeanFactory     : Creating shared instance of singleton bean 'neo4jMappingContext'
2023-09-27 22:05:03.288 DEBUG 1732 --- [           main] o.s.b.f.s.DefaultListableBeanFactory     : Creating shared instance of singleton bean 'neo4jConversions'
2023-09-27 22:05:03.297 DEBUG 1732 --- [           main] o.s.data.convert.CustomConversions       : Adding converter from interface org.neo4j.driver.Value to class java.lang.Void as reading converter.
2023-09-27 22:05:03.297 DEBUG 1732 --- [           main] o.s.data.convert.CustomConversions       : Adding converter from class java.lang.Void to interface org.neo4j.driver.Value as writing converter.
2023-09-27 22:05:03.297 DEBUG 1732 --- [           main] o.s.data.convert.CustomConversions       : Adding converter from void to interface org.neo4j.driver.Value as writing converter.
2023-09-27 22:05:03.298 DEBUG 1732 --- [           main] o.s.data.convert.CustomConversions       : Adding converter from interface org.neo4j.driver.Value to void as reading converter.
2023-09-27 22:05:03.298 DEBUG 1732 --- [           main] o.s.data.convert.CustomConversions       : Adding converter from class java.lang.Boolean to interface org.neo4j.driver.Value as writing converter.
2023-09-27 22:05:03.298 DEBUG 1732 --- [           main] o.s.data.convert.CustomConversions       : Adding converter from interface org.neo4j.driver.Value to class java.lang.Boolean as reading converter.
2023-09-27 22:05:03.298 DEBUG 1732 --- [           main] o.s.data.convert.CustomConversions       : Adding converter from boolean to interface org.neo4j.driver.Value as writing converter.
2023-09-27 22:05:03.298 DEBUG 1732 --- [           main] o.s.data.convert.CustomConversions       : Adding converter from interface org.neo4j.driver.Value to boolean as reading converter.
2023-09-27 22:05:03.299 DEBUG 1732 --- [           main] o.s.data.convert.CustomConversions       : Adding converter from interface org.neo4j.driver.Value to class java.lang.Long as reading converter.
2023-09-27 22:05:03.299 DEBUG 1732 --- [           main] o.s.data.convert.CustomConversions       : Adding converter from class java.lang.Long to interface org.neo4j.driver.Value as writing converter.
2023-09-27 22:05:03.299 DEBUG 1732 --- [           main] o.s.data.convert.CustomConversions       : Adding converter from interface org.neo4j.driver.Value to long as reading converter.
2023-09-27 22:05:03.299 DEBUG 1732 --- [           main] o.s.data.convert.CustomConversions       : Adding converter from long to interface org.neo4j.driver.Value as writing converter.
2023-09-27 22:05:03.299 DEBUG 1732 --- [           main] o.s.data.convert.CustomConversions       : Adding converter from interface org.neo4j.driver.Value to class java.lang.Double as reading converter.
2023-09-27 22:05:03.301 DEBUG 1732 --- [           main] o.s.data.convert.CustomConversions       : Adding converter from class java.lang.Double to interface org.neo4j.driver.Value as writing converter.
2023-09-27 22:05:03.302 DEBUG 1732 --- [           main] o.s.data.convert.CustomConversions       : Adding converter from double to interface org.neo4j.driver.Value as writing converter.
2023-09-27 22:05:03.303 DEBUG 1732 --- [           main] o.s.data.convert.CustomConversions       : Adding converter from interface org.neo4j.driver.Value to double as reading converter.
2023-09-27 22:05:03.304 DEBUG 1732 --- [           main] o.s.data.convert.CustomConversions       : Adding converter from class java.lang.String to interface org.neo4j.driver.Value as writing converter.
2023-09-27 22:05:03.304 DEBUG 1732 --- [           main] o.s.data.convert.CustomConversions       : Adding converter from interface org.neo4j.driver.Value to class java.lang.String as reading converter.
2023-09-27 22:05:03.304 DEBUG 1732 --- [           main] o.s.data.convert.CustomConversions       : Adding converter from class [B to interface org.neo4j.driver.Value as writing converter.
2023-09-27 22:05:03.304 DEBUG 1732 --- [           main] o.s.data.convert.CustomConversions       : Adding converter from interface org.neo4j.driver.Value to class [B as reading converter.
2023-09-27 22:05:03.304 DEBUG 1732 --- [           main] o.s.data.convert.CustomConversions       : Adding converter from class java.time.LocalDate to interface org.neo4j.driver.Value as writing converter.
2023-09-27 22:05:03.304 DEBUG 1732 --- [           main] o.s.data.convert.CustomConversions       : Adding converter from interface org.neo4j.driver.Value to class java.time.LocalDate as reading converter.
2023-09-27 22:05:03.304 DEBUG 1732 --- [           main] o.s.data.convert.CustomConversions       : Adding converter from interface org.neo4j.driver.Value to class java.time.OffsetTime as reading converter.
2023-09-27 22:05:03.304 DEBUG 1732 --- [           main] o.s.data.convert.CustomConversions       : Adding converter from class java.time.OffsetTime to interface org.neo4j.driver.Value as writing converter.
2023-09-27 22:05:03.305 DEBUG 1732 --- [           main] o.s.data.convert.CustomConversions       : Adding converter from interface org.neo4j.driver.Value to class java.time.LocalTime as reading converter.
2023-09-27 22:05:03.305 DEBUG 1732 --- [           main] o.s.data.convert.CustomConversions       : Adding converter from class java.time.LocalTime to interface org.neo4j.driver.Value as writing converter.
2023-09-27 22:05:03.305 DEBUG 1732 --- [           main] o.s.data.convert.CustomConversions       : Adding converter from class java.time.ZonedDateTime to interface org.neo4j.driver.Value as writing converter.
2023-09-27 22:05:03.305 DEBUG 1732 --- [           main] o.s.data.convert.CustomConversions       : Adding converter from interface org.neo4j.driver.Value to class java.time.ZonedDateTime as reading converter.
2023-09-27 22:05:03.306 DEBUG 1732 --- [           main] o.s.data.convert.CustomConversions       : Adding converter from class java.time.LocalDateTime to interface org.neo4j.driver.Value as writing converter.
2023-09-27 22:05:03.306 DEBUG 1732 --- [           main] o.s.data.convert.CustomConversions       : Adding converter from interface org.neo4j.driver.Value to class java.time.LocalDateTime as reading converter.
2023-09-27 22:05:03.306 DEBUG 1732 --- [           main] o.s.data.convert.CustomConversions       : Adding converter from interface org.neo4j.driver.types.IsoDuration to interface org.neo4j.driver.Value as writing converter.
2023-09-27 22:05:03.307 DEBUG 1732 --- [           main] o.s.data.convert.CustomConversions       : Adding converter from interface org.neo4j.driver.Value to interface org.neo4j.driver.types.IsoDuration as reading converter.
2023-09-27 22:05:03.308 DEBUG 1732 --- [           main] o.s.data.convert.CustomConversions       : Adding converter from interface org.neo4j.driver.Value to interface org.neo4j.driver.types.Point as reading converter.
2023-09-27 22:05:03.313 DEBUG 1732 --- [           main] o.s.data.convert.CustomConversions       : Adding converter from interface org.neo4j.driver.types.Point to interface org.neo4j.driver.Value as writing converter.
2023-09-27 22:05:03.313 DEBUG 1732 --- [           main] o.s.data.convert.CustomConversions       : Adding converter from class [Z to interface org.neo4j.driver.Value as writing converter.
2023-09-27 22:05:03.313 DEBUG 1732 --- [           main] o.s.data.convert.CustomConversions       : Adding converter from interface org.neo4j.driver.Value to class [Z as reading converter.
2023-09-27 22:05:03.314 DEBUG 1732 --- [           main] o.s.data.convert.CustomConversions       : Adding converter from class java.lang.Byte to interface org.neo4j.driver.Value as writing converter.
2023-09-27 22:05:03.323 DEBUG 1732 --- [           main] o.s.data.convert.CustomConversions       : Adding converter from interface org.neo4j.driver.Value to class java.lang.Byte as reading converter.
2023-09-27 22:05:03.324 DEBUG 1732 --- [           main] o.s.data.convert.CustomConversions       : Adding converter from byte to interface org.neo4j.driver.Value as writing converter.
2023-09-27 22:05:03.326 DEBUG 1732 --- [           main] o.s.data.convert.CustomConversions       : Adding converter from interface org.neo4j.driver.Value to byte as reading converter.
2023-09-27 22:05:03.327 DEBUG 1732 --- [           main] o.s.data.convert.CustomConversions       : Adding converter from class java.lang.Character to interface org.neo4j.driver.Value as writing converter.
2023-09-27 22:05:03.328 DEBUG 1732 --- [           main] o.s.data.convert.CustomConversions       : Adding converter from interface org.neo4j.driver.Value to class java.lang.Character as reading converter.
2023-09-27 22:05:03.328 DEBUG 1732 --- [           main] o.s.data.convert.CustomConversions       : Adding converter from char to interface org.neo4j.driver.Value as writing converter.
2023-09-27 22:05:03.331 DEBUG 1732 --- [           main] o.s.data.convert.CustomConversions       : Adding converter from interface org.neo4j.driver.Value to char as reading converter.
2023-09-27 22:05:03.332 DEBUG 1732 --- [           main] o.s.data.convert.CustomConversions       : Adding converter from interface org.neo4j.driver.Value to class [C as reading converter.
2023-09-27 22:05:03.334 DEBUG 1732 --- [           main] o.s.data.convert.CustomConversions       : Adding converter from class [C to interface org.neo4j.driver.Value as writing converter.
2023-09-27 22:05:03.335 DEBUG 1732 --- [           main] o.s.data.convert.CustomConversions       : Adding converter from interface org.neo4j.driver.Value to class java.util.Date as reading converter.
2023-09-27 22:05:03.335 DEBUG 1732 --- [           main] o.s.data.convert.CustomConversions       : Adding converter from class java.util.Date to interface org.neo4j.driver.Value as writing converter.
2023-09-27 22:05:03.335 DEBUG 1732 --- [           main] o.s.data.convert.CustomConversions       : Adding converter from interface org.neo4j.driver.Value to class [D as reading converter.
2023-09-27 22:05:03.335 DEBUG 1732 --- [           main] o.s.data.convert.CustomConversions       : Adding converter from class [D to interface org.neo4j.driver.Value as writing converter.
2023-09-27 22:05:03.336 DEBUG 1732 --- [           main] o.s.data.convert.CustomConversions       : Adding converter from interface org.neo4j.driver.Value to class java.lang.Enum as reading converter.
2023-09-27 22:05:03.336 DEBUG 1732 --- [           main] o.s.data.convert.CustomConversions       : Adding converter from class java.lang.Enum to interface org.neo4j.driver.Value as reading converter.
2023-09-27 22:05:03.337 DEBUG 1732 --- [           main] o.s.data.convert.CustomConversions       : Adding converter from class java.lang.Float to interface org.neo4j.driver.Value as writing converter.
2023-09-27 22:05:03.337 DEBUG 1732 --- [           main] o.s.data.convert.CustomConversions       : Adding converter from interface org.neo4j.driver.Value to class java.lang.Float as reading converter.
2023-09-27 22:05:03.337 DEBUG 1732 --- [           main] o.s.data.convert.CustomConversions       : Adding converter from interface org.neo4j.driver.Value to float as reading converter.
2023-09-27 22:05:03.342 DEBUG 1732 --- [           main] o.s.data.convert.CustomConversions       : Adding converter from float to interface org.neo4j.driver.Value as writing converter.
2023-09-27 22:05:03.343 DEBUG 1732 --- [           main] o.s.data.convert.CustomConversions       : Adding converter from class [F to interface org.neo4j.driver.Value as writing converter.
2023-09-27 22:05:03.343 DEBUG 1732 --- [           main] o.s.data.convert.CustomConversions       : Adding converter from interface org.neo4j.driver.Value to class [F as reading converter.
2023-09-27 22:05:03.344 DEBUG 1732 --- [           main] o.s.data.convert.CustomConversions       : Adding converter from interface org.neo4j.driver.Value to class java.lang.Integer as reading converter.
2023-09-27 22:05:03.344 DEBUG 1732 --- [           main] o.s.data.convert.CustomConversions       : Adding converter from class java.lang.Integer to interface org.neo4j.driver.Value as writing converter.
2023-09-27 22:05:03.345 DEBUG 1732 --- [           main] o.s.data.convert.CustomConversions       : Adding converter from interface org.neo4j.driver.Value to int as reading converter.
2023-09-27 22:05:03.345 DEBUG 1732 --- [           main] o.s.data.convert.CustomConversions       : Adding converter from int to interface org.neo4j.driver.Value as writing converter.
2023-09-27 22:05:03.345 DEBUG 1732 --- [           main] o.s.data.convert.CustomConversions       : Adding converter from interface org.neo4j.driver.Value to class [I as reading converter.
2023-09-27 22:05:03.346 DEBUG 1732 --- [           main] o.s.data.convert.CustomConversions       : Adding converter from class [I to interface org.neo4j.driver.Value as writing converter.
2023-09-27 22:05:03.346 DEBUG 1732 --- [           main] o.s.data.convert.CustomConversions       : Adding converter from class java.util.Locale to interface org.neo4j.driver.Value as writing converter.
2023-09-27 22:05:03.346 DEBUG 1732 --- [           main] o.s.data.convert.CustomConversions       : Adding converter from interface org.neo4j.driver.Value to class java.util.Locale as reading converter.
2023-09-27 22:05:03.347 DEBUG 1732 --- [           main] o.s.data.convert.CustomConversions       : Adding converter from interface org.neo4j.driver.Value to class [J as reading converter.
2023-09-27 22:05:03.348 DEBUG 1732 --- [           main] o.s.data.convert.CustomConversions       : Adding converter from class [J to interface org.neo4j.driver.Value as writing converter.
2023-09-27 22:05:03.349 DEBUG 1732 --- [           main] o.s.data.convert.CustomConversions       : Adding converter from interface org.neo4j.driver.Value to class java.lang.Short as reading converter.
2023-09-27 22:05:03.355 DEBUG 1732 --- [           main] o.s.data.convert.CustomConversions       : Adding converter from class java.lang.Short to interface org.neo4j.driver.Value as writing converter.
2023-09-27 22:05:03.356 DEBUG 1732 --- [           main] o.s.data.convert.CustomConversions       : Adding converter from interface org.neo4j.driver.Value to short as reading converter.
2023-09-27 22:05:03.357 DEBUG 1732 --- [           main] o.s.data.convert.CustomConversions       : Adding converter from short to interface org.neo4j.driver.Value as writing converter.
2023-09-27 22:05:03.357 DEBUG 1732 --- [           main] o.s.data.convert.CustomConversions       : Adding converter from class [S to interface org.neo4j.driver.Value as writing converter.
2023-09-27 22:05:03.358 DEBUG 1732 --- [           main] o.s.data.convert.CustomConversions       : Adding converter from interface org.neo4j.driver.Value to class [S as reading converter.
2023-09-27 22:05:03.359 DEBUG 1732 --- [           main] o.s.data.convert.CustomConversions       : Adding converter from interface org.neo4j.driver.Value to class [Ljava.lang.String; as reading converter.
2023-09-27 22:05:03.359 DEBUG 1732 --- [           main] o.s.data.convert.CustomConversions       : Adding converter from class [Ljava.lang.String; to interface org.neo4j.driver.Value as writing converter.
2023-09-27 22:05:03.359 DEBUG 1732 --- [           main] o.s.data.convert.CustomConversions       : Adding converter from class java.math.BigDecimal to interface org.neo4j.driver.Value as writing converter.
2023-09-27 22:05:03.360 DEBUG 1732 --- [           main] o.s.data.convert.CustomConversions       : Adding converter from interface org.neo4j.driver.Value to class java.math.BigDecimal as reading converter.
2023-09-27 22:05:03.361 DEBUG 1732 --- [           main] o.s.data.convert.CustomConversions       : Adding converter from interface org.neo4j.driver.Value to class java.math.BigInteger as reading converter.
2023-09-27 22:05:03.362 DEBUG 1732 --- [           main] o.s.data.convert.CustomConversions       : Adding converter from class java.math.BigInteger to interface org.neo4j.driver.Value as writing converter.
2023-09-27 22:05:03.363 DEBUG 1732 --- [           main] o.s.data.convert.CustomConversions       : Adding converter from interface java.time.temporal.TemporalAmount to interface org.neo4j.driver.Value as reading converter.
2023-09-27 22:05:03.363 DEBUG 1732 --- [           main] o.s.data.convert.CustomConversions       : Adding converter from interface org.neo4j.driver.Value to interface java.time.temporal.TemporalAmount as reading converter.
2023-09-27 22:05:03.364 DEBUG 1732 --- [           main] o.s.data.convert.CustomConversions       : Adding converter from interface org.neo4j.driver.Value to class java.time.Instant as reading converter.
2023-09-27 22:05:03.364 DEBUG 1732 --- [           main] o.s.data.convert.CustomConversions       : Adding converter from class java.time.Instant to interface org.neo4j.driver.Value as writing converter.
2023-09-27 22:05:03.364 DEBUG 1732 --- [           main] o.s.data.convert.CustomConversions       : Adding converter from class java.util.UUID to interface org.neo4j.driver.Value as writing converter.
2023-09-27 22:05:03.365 DEBUG 1732 --- [           main] o.s.data.convert.CustomConversions       : Adding converter from interface org.neo4j.driver.Value to class java.util.UUID as reading converter.
2023-09-27 22:05:03.365 DEBUG 1732 --- [           main] o.s.data.convert.CustomConversions       : Adding converter from class java.net.URL to interface org.neo4j.driver.Value as writing converter.
2023-09-27 22:05:03.366 DEBUG 1732 --- [           main] o.s.data.convert.CustomConversions       : Adding converter from interface org.neo4j.driver.Value to class java.net.URL as reading converter.
2023-09-27 22:05:03.366 DEBUG 1732 --- [           main] o.s.data.convert.CustomConversions       : Adding converter from class java.net.URI to interface org.neo4j.driver.Value as writing converter.
2023-09-27 22:05:03.366 DEBUG 1732 --- [           main] o.s.data.convert.CustomConversions       : Adding converter from interface org.neo4j.driver.Value to class java.net.URI as reading converter.
2023-09-27 22:05:03.366 DEBUG 1732 --- [           main] o.s.data.convert.CustomConversions       : Adding converter from interface org.neo4j.driver.Value to class java.util.TimeZone as reading converter.
2023-09-27 22:05:03.366 DEBUG 1732 --- [           main] o.s.data.convert.CustomConversions       : Adding converter from class java.util.TimeZone to interface org.neo4j.driver.Value as writing converter.
2023-09-27 22:05:03.366 DEBUG 1732 --- [           main] o.s.data.convert.CustomConversions       : Adding converter from interface org.neo4j.driver.Value to class java.time.ZoneId as reading converter.
2023-09-27 22:05:03.366 DEBUG 1732 --- [           main] o.s.data.convert.CustomConversions       : Adding converter from class java.time.ZoneId to interface org.neo4j.driver.Value as writing converter.
2023-09-27 22:05:03.367 DEBUG 1732 --- [           main] o.s.data.convert.CustomConversions       : Adding converter from interface org.neo4j.driver.Value to interface org.neo4j.driver.types.Entity as reading converter.
2023-09-27 22:05:03.368 DEBUG 1732 --- [           main] o.s.data.convert.CustomConversions       : Adding converter from interface org.neo4j.driver.Value to interface org.neo4j.driver.types.Node as reading converter.
2023-09-27 22:05:03.368 DEBUG 1732 --- [           main] o.s.data.convert.CustomConversions       : Adding converter from interface org.neo4j.driver.Value to interface org.neo4j.driver.types.Relationship as reading converter.
2023-09-27 22:05:03.368 DEBUG 1732 --- [           main] o.s.data.convert.CustomConversions       : Adding converter from class org.springframework.data.geo.Point to interface org.neo4j.driver.Value as writing converter.
2023-09-27 22:05:03.369 DEBUG 1732 --- [           main] o.s.data.convert.CustomConversions       : Adding converter from interface org.neo4j.driver.Value to class org.springframework.data.geo.Point as reading converter.
2023-09-27 22:05:03.369 DEBUG 1732 --- [           main] o.s.data.convert.CustomConversions       : Adding converter from interface org.neo4j.driver.Value to class [Lorg.springframework.data.geo.Point; as reading converter.
2023-09-27 22:05:03.370 DEBUG 1732 --- [           main] o.s.data.convert.CustomConversions       : Adding converter from class [Lorg.springframework.data.geo.Point; to interface org.neo4j.driver.Value as writing converter.
2023-09-27 22:05:03.370 DEBUG 1732 --- [           main] o.s.data.convert.CustomConversions       : Adding converter from interface org.neo4j.driver.Value to interface org.springframework.data.neo4j.types.Neo4jPoint as reading converter.
2023-09-27 22:05:03.371 DEBUG 1732 --- [           main] o.s.data.convert.CustomConversions       : Adding converter from interface org.springframework.data.neo4j.types.Neo4jPoint to interface org.neo4j.driver.Value as writing converter.
2023-09-27 22:05:03.371 DEBUG 1732 --- [           main] o.s.data.convert.CustomConversions       : Adding converter from class java.util.Date to class java.time.LocalDateTime as reading converter.
2023-09-27 22:05:03.382 DEBUG 1732 --- [           main] o.s.data.convert.CustomConversions       : Adding converter from class java.time.LocalDateTime to class java.util.Date as writing converter.
2023-09-27 22:05:03.383 DEBUG 1732 --- [           main] o.s.data.convert.CustomConversions       : Adding converter from class java.util.Date to class java.time.LocalDate as reading converter.
2023-09-27 22:05:03.383 DEBUG 1732 --- [           main] o.s.data.convert.CustomConversions       : Adding converter from class java.time.LocalDate to class java.util.Date as writing converter.
2023-09-27 22:05:03.384 DEBUG 1732 --- [           main] o.s.data.convert.CustomConversions       : Adding converter from class java.util.Date to class java.time.LocalTime as reading converter.
2023-09-27 22:05:03.387 DEBUG 1732 --- [           main] o.s.data.convert.CustomConversions       : Adding converter from class java.time.LocalTime to class java.util.Date as writing converter.
2023-09-27 22:05:03.389 DEBUG 1732 --- [           main] o.s.data.convert.CustomConversions       : Adding converter from class java.util.Date to class java.time.Instant as reading converter.
2023-09-27 22:05:03.389 DEBUG 1732 --- [           main] o.s.data.convert.CustomConversions       : Adding converter from class java.time.Instant to class java.util.Date as writing converter.
2023-09-27 22:05:03.389 DEBUG 1732 --- [           main] o.s.data.convert.CustomConversions       : Adding converter from class java.time.LocalDateTime to class java.time.Instant as reading converter.
2023-09-27 22:05:03.389 DEBUG 1732 --- [           main] o.s.data.convert.CustomConversions       : Adding converter from class java.time.Instant to class java.time.LocalDateTime as reading converter.
2023-09-27 22:05:03.390 DEBUG 1732 --- [           main] o.s.data.convert.CustomConversions       : Adding converter from class java.time.ZoneId to class java.lang.String as writing converter.
2023-09-27 22:05:03.398 DEBUG 1732 --- [           main] o.s.data.convert.CustomConversions       : Adding converter from class java.lang.String to class java.time.ZoneId as reading converter.
2023-09-27 22:05:03.405 DEBUG 1732 --- [           main] o.s.data.convert.CustomConversions       : Adding converter from class java.time.Duration to class java.lang.String as writing converter.
2023-09-27 22:05:03.408 DEBUG 1732 --- [           main] o.s.data.convert.CustomConversions       : Adding converter from class java.lang.String to class java.time.Duration as reading converter.
2023-09-27 22:05:03.409 DEBUG 1732 --- [           main] o.s.data.convert.CustomConversions       : Adding converter from class java.time.Period to class java.lang.String as writing converter.
2023-09-27 22:05:03.410 DEBUG 1732 --- [           main] o.s.data.convert.CustomConversions       : Adding converter from class java.lang.String to class java.time.Period as reading converter.
2023-09-27 22:05:03.410 DEBUG 1732 --- [           main] o.s.data.convert.CustomConversions       : Adding converter from class java.lang.String to class java.time.LocalDate as reading converter.
2023-09-27 22:05:03.413 DEBUG 1732 --- [           main] o.s.data.convert.CustomConversions       : Adding converter from class java.lang.String to class java.time.LocalDateTime as reading converter.
2023-09-27 22:05:03.413 DEBUG 1732 --- [           main] o.s.data.convert.CustomConversions       : Adding converter from class java.lang.String to class java.time.Instant as reading converter.
2023-09-27 22:05:03.432 DEBUG 1732 --- [           main] o.s.b.f.s.DefaultListableBeanFactory     : Autowiring by type from bean name 'neo4jMappingContext' via factory method to bean named 'org.springframework.web.context.support.GenericWebApplicationContext@751d3241'
2023-09-27 22:05:03.432 DEBUG 1732 --- [           main] o.s.b.f.s.DefaultListableBeanFactory     : Autowiring by type from bean name 'neo4jMappingContext' via factory method to bean named 'neo4jConversions'
2023-09-27 22:05:03.458 DEBUG 1732 --- [           main] ssPathScanningCandidateComponentProvider : Identified candidate component class: file [C:\Users\user\OneDrive\Desktop\Person\target\classes\com\example\person\model\Person.class]
2023-09-27 22:05:03.972 DEBUG 1732 --- [           main] o.s.b.f.s.DefaultListableBeanFactory     : Creating shared instance of singleton bean 'startupTimeMetrics'
2023-09-27 22:05:03.973 DEBUG 1732 --- [           main] o.s.b.f.s.DefaultListableBeanFactory     : Creating shared instance of singleton bean 'org.springframework.boot.actuate.autoconfigure.metrics.startup.StartupTimeMetricsListenerAutoConfiguration'
2023-09-27 22:05:03.986 DEBUG 1732 --- [           main] o.s.b.f.s.DefaultListableBeanFactory     : Creating shared instance of singleton bean 'simpleMeterRegistry'
2023-09-27 22:05:03.987 DEBUG 1732 --- [           main] o.s.b.f.s.DefaultListableBeanFactory     : Creating shared instance of singleton bean 'org.springframework.boot.actuate.autoconfigure.metrics.export.simple.SimpleMetricsExportAutoConfiguration'
2023-09-27 22:05:03.994 DEBUG 1732 --- [           main] o.s.b.f.s.DefaultListableBeanFactory     : Creating shared instance of singleton bean 'simpleConfig'
2023-09-27 22:05:03.996 DEBUG 1732 --- [           main] o.s.b.f.s.DefaultListableBeanFactory     : Creating shared instance of singleton bean 'management.metrics.export.simple-org.springframework.boot.actuate.autoconfigure.metrics.export.simple.SimpleProperties'
2023-09-27 22:05:04.009 DEBUG 1732 --- [           main] o.s.b.f.s.DefaultListableBeanFactory     : Autowiring by type from bean name 'simpleConfig' via factory method to bean named 'management.metrics.export.simple-org.springframework.boot.actuate.autoconfigure.metrics.export.simple.SimpleProperties'
2023-09-27 22:05:04.048 DEBUG 1732 --- [           main] o.s.b.f.s.DefaultListableBeanFactory     : Creating shared instance of singleton bean 'micrometerClock'
2023-09-27 22:05:04.049 DEBUG 1732 --- [           main] o.s.b.f.s.DefaultListableBeanFactory     : Creating shared instance of singleton bean 'org.springframework.boot.actuate.autoconfigure.metrics.MetricsAutoConfiguration'
2023-09-27 22:05:04.078 DEBUG 1732 --- [           main] o.s.b.f.s.DefaultListableBeanFactory     : Autowiring by type from bean name 'simpleMeterRegistry' via factory method to bean named 'simpleConfig'
2023-09-27 22:05:04.079 DEBUG 1732 --- [           main] o.s.b.f.s.DefaultListableBeanFactory     : Autowiring by type from bean name 'simpleMeterRegistry' via factory method to bean named 'micrometerClock'
2023-09-27 22:05:04.386 DEBUG 1732 --- [           main] o.s.b.f.s.DefaultListableBeanFactory     : Creating shared instance of singleton bean 'management.metrics-org.springframework.boot.actuate.autoconfigure.metrics.MetricsProperties'
2023-09-27 22:05:04.486 DEBUG 1732 --- [           main] o.s.b.f.s.DefaultListableBeanFactory     : Creating shared instance of singleton bean 'propertiesMeterFilter'
2023-09-27 22:05:04.490 DEBUG 1732 --- [           main] o.s.b.f.s.DefaultListableBeanFactory     : Autowiring by type from bean name 'propertiesMeterFilter' via factory method to bean named 'management.metrics-org.springframework.boot.actuate.autoconfigure.metrics.MetricsProperties'
2023-09-27 22:05:04.514 DEBUG 1732 --- [           main] o.s.b.f.s.DefaultListableBeanFactory     : Creating shared instance of singleton bean 'metricsHttpClientUriTagFilter'
2023-09-27 22:05:04.514 DEBUG 1732 --- [           main] o.s.b.f.s.DefaultListableBeanFactory     : Creating shared instance of singleton bean 'org.springframework.boot.actuate.autoconfigure.metrics.web.client.HttpClientMetricsAutoConfiguration'
2023-09-27 22:05:04.523 DEBUG 1732 --- [           main] o.s.b.f.s.DefaultListableBeanFactory     : Autowiring by type from bean name 'metricsHttpClientUriTagFilter' via factory method to bean named 'management.metrics-org.springframework.boot.actuate.autoconfigure.metrics.MetricsProperties'
2023-09-27 22:05:04.545 DEBUG 1732 --- [           main] o.s.b.f.s.DefaultListableBeanFactory     : Creating shared instance of singleton bean 'metricsHttpServerUriTagFilter'
2023-09-27 22:05:04.546 DEBUG 1732 --- [           main] o.s.b.f.s.DefaultListableBeanFactory     : Creating shared instance of singleton bean 'org.springframework.boot.actuate.autoconfigure.metrics.web.servlet.WebMvcMetricsAutoConfiguration'
2023-09-27 22:05:04.547 DEBUG 1732 --- [           main] o.s.b.f.s.DefaultListableBeanFactory     : Autowiring by type from bean name 'org.springframework.boot.actuate.autoconfigure.metrics.web.servlet.WebMvcMetricsAutoConfiguration' via constructor to bean named 'management.metrics-org.springframework.boot.actuate.autoconfigure.metrics.MetricsProperties'
2023-09-27 22:05:04.566 DEBUG 1732 --- [           main] o.s.b.f.s.DefaultListableBeanFactory     : Creating shared instance of singleton bean 'jvmGcMetrics'
2023-09-27 22:05:04.567 DEBUG 1732 --- [           main] o.s.b.f.s.DefaultListableBeanFactory     : Creating shared instance of singleton bean 'org.springframework.boot.actuate.autoconfigure.metrics.JvmMetricsAutoConfiguration'
2023-09-27 22:05:04.639 DEBUG 1732 --- [           main] o.s.b.f.s.DefaultListableBeanFactory     : Creating shared instance of singleton bean 'jvmHeapPressureMetrics'
2023-09-27 22:05:04.703 DEBUG 1732 --- [           main] o.s.b.f.s.DefaultListableBeanFactory     : Creating shared instance of singleton bean 'jvmMemoryMetrics'
2023-09-27 22:05:04.709 DEBUG 1732 --- [           main] o.s.b.f.s.DefaultListableBeanFactory     : Creating shared instance of singleton bean 'jvmThreadMetrics'
2023-09-27 22:05:04.717 DEBUG 1732 --- [           main] o.s.b.f.s.DefaultListableBeanFactory     : Creating shared instance of singleton bean 'classLoaderMetrics'
2023-09-27 22:05:04.737 DEBUG 1732 --- [           main] o.s.b.f.s.DefaultListableBeanFactory     : Creating shared instance of singleton bean 'logbackMetrics'
2023-09-27 22:05:04.737 DEBUG 1732 --- [           main] o.s.b.f.s.DefaultListableBeanFactory     : Creating shared instance of singleton bean 'org.springframework.boot.actuate.autoconfigure.metrics.LogbackMetricsAutoConfiguration'
2023-09-27 22:05:04.753 DEBUG 1732 --- [           main] o.s.b.f.s.DefaultListableBeanFactory     : Creating shared instance of singleton bean 'uptimeMetrics'
[...]
	at org.springframework.beans.factory.support.SimpleInstantiationStrategy.instantiate(SimpleInstantiationStrategy.java:185) ~[spring-beans-5.3.15.jar:5.3.15]
	at org.springframework.beans.factory.support.ConstructorResolver.instantiate(ConstructorResolver.java:653) ~[spring-beans-5.3.15.jar:5.3.15]
	... 85 common frames omitted
Caused by: graphql.parser.InvalidSyntaxException: Invalid Syntax : There are more tokens in the query that have not been consumed offending token 'logging' at line 19 column 1
	at graphql.parser.ExtendedBailStrategy.mkMoreTokensException(ExtendedBailStrategy.java:42) ~[graphql-java-16.2.jar:na]
	at graphql.parser.Parser.parseDocument(Parser.java:93) ~[graphql-java-16.2.jar:na]
	at graphql.parser.Parser.parseDocument(Parser.java:39) ~[graphql-java-16.2.jar:na]
	at graphql.parser.Parser.parseDocument(Parser.java:31) ~[graphql-java-16.2.jar:na]
	at graphql.kickstart.tools.SchemaParserBuilder.parseDocuments(SchemaParserBuilder.kt:172) ~[graphql-java-tools-11.0.0.jar:na]
	at graphql.kickstart.tools.SchemaParserBuilder.parseDefinitions(SchemaParserBuilder.kt:157) ~[graphql-java-tools-11.0.0.jar:na]
	at graphql.kickstart.tools.SchemaParserBuilder.scan(SchemaParserBuilder.kt:150) ~[graphql-java-tools-11.0.0.jar:na]
	at graphql.kickstart.tools.SchemaParserBuilder.build(SchemaParserBuilder.kt:195) ~[graphql-java-tools-11.0.0.jar:na]
	at graphql.kickstart.tools.boot.GraphQLJavaToolsAutoConfiguration.schemaParser(GraphQLJavaToolsAutoConfiguration.java:130) ~[graphql-kickstart-spring-boot-autoconfigure-tools-11.0.0.jar:na]
	at graphql.kickstart.tools.boot.GraphQLJavaToolsAutoConfiguration$$EnhancerBySpringCGLIB$$a743b816.CGLIB$schemaParser$5(<generated>) ~[graphql-kickstart-spring-boot-autoconfigure-tools-11.0.0.jar:na]
	at graphql.kickstart.tools.boot.GraphQLJavaToolsAutoConfiguration$$EnhancerBySpringCGLIB$$a743b816$$FastClassBySpringCGLIB$$41953fc4.invoke(<generated>) ~[graphql-kickstart-spring-boot-autoconfigure-tools-11.0.0.jar:na]
	at org.springframework.cglib.proxy.MethodProxy.invokeSuper(MethodProxy.java:244) ~[spring-core-5.3.15.jar:5.3.15]
	at org.springframework.context.annotation.ConfigurationClassEnhancer$BeanMethodInterceptor.intercept(ConfigurationClassEnhancer.java:331) ~[spring-context-5.3.15.jar:5.3.15]
	at graphql.kickstart.tools.boot.GraphQLJavaToolsAutoConfiguration$$EnhancerBySpringCGLIB$$a743b816.schemaParser(<generated>) ~[graphql-kickstart-spring-boot-autoconfigure-tools-11.0.0.jar:na]
	at java.base/jdk.internal.reflect.DirectMethodHandleAccessor.invoke(DirectMethodHandleAccessor.java:104) ~[na:na]
	at java.base/java.lang.reflect.Method.invoke(Method.java:578) ~[na:na]
	at org.springframework.beans.factory.support.SimpleInstantiationStrategy.instantiate(SimpleInstantiationStrategy.java:154) ~[spring-beans-5.3.15.jar:5.3.15]
	... 86 common frames omitted

2023-09-27 22:05:14.614 ERROR 1732 --- [           main] o.s.test.context.TestContextManager      : Caught exception while allowing TestExecutionListener [org.springframework.test.context.web.ServletTestExecutionListener@600b90df] to prepare test instance [com.example.person.PersonApplicationTests@55881f40]

java.lang.IllegalStateException: Failed to load ApplicationContext
	at org.springframework.test.context.cache.DefaultCacheAwareContextLoaderDelegate.loadContext(DefaultCacheAwareContextLoaderDelegate.java:132) ~[spring-test-5.3.15.jar:5.3.15]
	at org.springframework.test.context.support.DefaultTestContext.getApplicationContext(DefaultTestContext.java:124) ~[spring-test-5.3.15.jar:5.3.15]
	at org.springframework.test.context.web.ServletTestExecutionListener.setUpRequestContextIfNecessary(ServletTestExecutionListener.java:190) ~[spring-test-5.3.15.jar:5.3.15]
	at org.springframework.test.context.web.ServletTestExecutionListener.prepareTestInstance(ServletTestExecutionListener.java:132) ~[spring-test-5.3.15.jar:5.3.15]
	at org.springframework.test.context.TestContextManager.prepareTestInstance(TestContextManager.java:248) ~[spring-test-5.3.15.jar:5.3.15]
	at org.springframework.test.context.junit.jupiter.SpringExtension.postProcessTestInstance(SpringExtension.java:138) ~[spring-test-5.3.15.jar:5.3.15]
	at org.junit.jupiter.engine.descriptor.ClassBasedTestDescriptor.lambda$invokeTestInstancePostProcessors$8(ClassBasedTestDescriptor.java:363) ~[junit-jupiter-engine-5.8.2.jar:5.8.2]
	at org.junit.jupiter.engine.descriptor.ClassBasedTestDescriptor.executeAndMaskThrowable(ClassBasedTestDescriptor.java:368) ~[junit-jupiter-engine-5.8.2.jar:5.8.2]
	at org.junit.jupiter.engine.descriptor.ClassBasedTestDescriptor.lambda$invokeTestInstancePostProcessors$9(ClassBasedTestDescriptor.java:363) ~[junit-jupiter-engine-5.8.2.jar:5.8.2]
	at java.base/java.util.stream.ReferencePipeline$3$1.accept(ReferencePipeline.java:197) ~[na:na]
	at java.base/java.util.stream.ReferencePipeline$2$1.accept(ReferencePipeline.java:179) ~[na:na]
	at java.base/java.util.ArrayList$ArrayListSpliterator.forEachRemaining(ArrayList.java:1625) ~[na:na]
	at java.base/java.util.stream.AbstractPipeline.copyInto(AbstractPipeline.java:509) ~[na:na]
	at java.base/java.util.stream.AbstractPipeline.wrapAndCopyInto(AbstractPipeline.java:499) ~[na:na]
	at java.base/java.util.stream.StreamSpliterators$WrappingSpliterator.forEachRemaining(StreamSpliterators.java:310) ~[na:na]
	at java.base/java.util.stream.Streams$ConcatSpliterator.forEachRemaining(Streams.java:735) ~[na:na]
	at java.base/java.util.stream.Streams$ConcatSpliterator.forEachRemaining(Streams.java:734) ~[na:na]
	at java.base/java.util.stream.ReferencePipeline$Head.forEach(ReferencePipeline.java:762) ~[na:na]
	at org.junit.jupiter.engine.descriptor.ClassBasedTestDescriptor.invokeTestInstancePostProcessors(ClassBasedTestDescriptor.java:362) ~[junit-jupiter-engine-5.8.2.jar:5.8.2]
	at org.junit.jupiter.engine.descriptor.ClassBasedTestDescriptor.lambda$instantiateAndPostProcessTestInstance$6(ClassBasedTestDescriptor.java:283) ~[junit-jupiter-engine-5.8.2.jar:5.8.2]
	at org.junit.platform.engine.support.hierarchical.ThrowableCollector.execute(ThrowableCollector.java:73) ~[junit-platform-engine-1.8.2.jar:1.8.2]
	at org.junit.jupiter.engine.descriptor.ClassBasedTestDescriptor.instantiateAndPostProcessTestInstance(ClassBasedTestDescriptor.java:282) ~[junit-jupiter-engine-5.8.2.jar:5.8.2]
	at org.junit.jupiter.engine.descriptor.ClassBasedTestDescriptor.lambda$testInstancesProvider$4(ClassBasedTestDescriptor.java:272) ~[junit-jupiter-engine-5.8.2.jar:5.8.2]
	at java.base/java.util.Optional.orElseGet(Optional.java:364) ~[na:na]
	at org.junit.jupiter.engine.descriptor.ClassBasedTestDescriptor.lambda$testInstancesProvider$5(ClassBasedTestDescriptor.java:271) ~[junit-jupiter-engine-5.8.2.jar:5.8.2]
	at org.junit.jupiter.engine.execution.TestInstancesProvider.getTestInstances(TestInstancesProvider.java:31) ~[junit-jupiter-engine-5.8.2.jar:5.8.2]
	at org.junit.jupiter.engine.descriptor.TestMethodTestDescriptor.lambda$prepare$0(TestMethodTestDescriptor.java:102) ~[junit-jupiter-engine-5.8.2.jar:5.8.2]
	at org.junit.platform.engine.support.hierarchical.ThrowableCollector.execute(ThrowableCollector.java:73) ~[junit-platform-engine-1.8.2.jar:1.8.2]
	at org.junit.jupiter.engine.descriptor.TestMethodTestDescriptor.prepare(TestMethodTestDescriptor.java:101) ~[junit-jupiter-engine-5.8.2.jar:5.8.2]
	at org.junit.jupiter.engine.descriptor.TestMethodTestDescriptor.prepare(TestMethodTestDescriptor.java:66) ~[junit-jupiter-engine-5.8.2.jar:5.8.2]
	at org.junit.platform.engine.support.hierarchical.NodeTestTask.lambda$prepare$2(NodeTestTask.java:123) ~[junit-platform-engine-1.8.2.jar:1.8.2]
	at org.junit.platform.engine.support.hierarchical.ThrowableCollector.execute(ThrowableCollector.java:73) ~[junit-platform-engine-1.8.2.jar:1.8.2]
	at org.junit.platform.engine.support.hierarchical.NodeTestTask.prepare(NodeTestTask.java:123) ~[junit-platform-engine-1.8.2.jar:1.8.2]
	at org.junit.platform.engine.support.hierarchical.NodeTestTask.execute(NodeTestTask.java:90) ~[junit-platform-engine-1.8.2.jar:1.8.2]
	at java.base/java.util.ArrayList.forEach(ArrayList.java:1511) ~[na:na]
	at org.junit.platform.engine.support.hierarchical.SameThreadHierarchicalTestExecutorService.invokeAll(SameThreadHierarchicalTestExecutorService.java:41) ~[junit-platform-engine-1.8.2.jar:1.8.2]
	at org.junit.platform.engine.support.hierarchical.NodeTestTask.lambda$executeRecursively$6(NodeTestTask.java:155) ~[junit-platform-engine-1.8.2.jar:1.8.2]
	at org.junit.platform.engine.support.hierarchical.ThrowableCollector.execute(ThrowableCollector.java:73) ~[junit-platform-engine-1.8.2.jar:1.8.2]
	at org.junit.platform.engine.support.hierarchical.NodeTestTask.lambda$executeRecursively$8(NodeTestTask.java:141) ~[junit-platform-engine-1.8.2.jar:1.8.2]
	at org.junit.platform.engine.support.hierarchical.Node.around(Node.java:137) ~[junit-platform-engine-1.8.2.jar:1.8.2]
	at org.junit.platform.engine.support.hierarchical.NodeTestTask.lambda$executeRecursively$9(NodeTestTask.java:139) ~[junit-platform-engine-1.8.2.jar:1.8.2]
	at org.junit.platform.engine.support.hierarchical.ThrowableCollector.execute(ThrowableCollector.java:73) ~[junit-platform-engine-1.8.2.jar:1.8.2]
	at org.junit.platform.engine.support.hierarchical.NodeTestTask.executeRecursively(NodeTestTask.java:138) ~[junit-platform-engine-1.8.2.jar:1.8.2]
	at org.junit.platform.engine.support.hierarchical.NodeTestTask.execute(NodeTestTask.java:95) ~[junit-platform-engine-1.8.2.jar:1.8.2]
	at java.base/java.util.ArrayList.forEach(ArrayList.java:1511) ~[na:na]
	at org.junit.platform.engine.support.hierarchical.SameThreadHierarchicalTestExecutorService.invokeAll(SameThreadHierarchicalTestExecutorService.java:41) ~[junit-platform-engine-1.8.2.jar:1.8.2]
	at org.junit.platform.engine.support.hierarchical.NodeTestTask.lambda$executeRecursively$6(NodeTestTask.java:155) ~[junit-platform-engine-1.8.2.jar:1.8.2]
	at org.junit.platform.engine.support.hierarchical.ThrowableCollector.execute(ThrowableCollector.java:73) ~[junit-platform-engine-1.8.2.jar:1.8.2]
	at org.junit.platform.engine.support.hierarchical.NodeTestTask.lambda$executeRecursively$8(NodeTestTask.java:141) ~[junit-platform-engine-1.8.2.jar:1.8.2]
	at org.junit.platform.engine.support.hierarchical.Node.around(Node.java:137) ~[junit-platform-engine-1.8.2.jar:1.8.2]
	at org.junit.platform.engine.support.hierarchical.NodeTestTask.lambda$executeRecursively$9(NodeTestTask.java:139) ~[junit-platform-engine-1.8.2.jar:1.8.2]
	at org.junit.platform.engine.support.hierarchical.ThrowableCollector.execute(ThrowableCollector.java:73) ~[junit-platform-engine-1.8.2.jar:1.8.2]
	at org.junit.platform.engine.support.hierarchical.NodeTestTask.executeRecursively(NodeTestTask.java:138) ~[junit-platform-engine-1.8.2.jar:1.8.2]
	at org.junit.platform.engine.support.hierarchical.NodeTestTask.execute(NodeTestTask.java:95) ~[junit-platform-engine-1.8.2.jar:1.8.2]
	at org.junit.platform.engine.support.hierarchical.SameThreadHierarchicalTestExecutorService.submit(SameThreadHierarchicalTestExecutorService.java:35) ~[junit-platform-engine-1.8.2.jar:1.8.2]
	at org.junit.platform.engine.support.hierarchical.HierarchicalTestExecutor.execute(HierarchicalTestExecutor.java:57) ~[junit-platform-engine-1.8.2.jar:1.8.2]
	at org.junit.platform.engine.support.hierarchical.HierarchicalTestEngine.execute(HierarchicalTestEngine.java:54) ~[junit-platform-engine-1.8.2.jar:1.8.2]
	at org.junit.platform.launcher.core.DefaultLauncher.execute(DefaultLauncher.java:220) ~[junit-platform-launcher-1.3.1.jar:1.3.1]
	at org.junit.platform.launcher.core.DefaultLauncher.lambda$execute$6(DefaultLauncher.java:188) ~[junit-platform-launcher-1.3.1.jar:1.3.1]
	at org.junit.platform.launcher.core.DefaultLauncher.withInterceptedStreams(DefaultLauncher.java:202) ~[junit-platform-launcher-1.3.1.jar:1.3.1]
	at org.junit.platform.launcher.core.DefaultLauncher.execute(DefaultLauncher.java:181) ~[junit-platform-launcher-1.3.1.jar:1.3.1]
	at org.junit.platform.launcher.core.DefaultLauncher.execute(DefaultLauncher.java:128) ~[junit-platform-launcher-1.3.1.jar:1.3.1]
	at org.apache.maven.surefire.junitplatform.JUnitPlatformProvider.invokeAllTests(JUnitPlatformProvider.java:150) ~[surefire-junit-platform-2.22.2.jar:2.22.2]
	at org.apache.maven.surefire.junitplatform.JUnitPlatformProvider.invoke(JUnitPlatformProvider.java:124) ~[surefire-junit-platform-2.22.2.jar:2.22.2]
	at org.apache.maven.surefire.booter.ForkedBooter.invokeProviderInSameClassLoader(ForkedBooter.java:384) ~[surefire-booter-2.22.2.jar:2.22.2]
	at org.apache.maven.surefire.booter.ForkedBooter.runSuitesInProcess(ForkedBooter.java:345) ~[surefire-booter-2.22.2.jar:2.22.2]
	at org.apache.maven.surefire.booter.ForkedBooter.execute(ForkedBooter.java:126) ~[surefire-booter-2.22.2.jar:2.22.2]
	at org.apache.maven.surefire.booter.ForkedBooter.main(ForkedBooter.java:418) ~[surefire-booter-2.22.2.jar:2.22.2]
Caused by: org.springframework.beans.factory.BeanCreationException: Error creating bean with name 'schemaParser' defined in class path resource [graphql/kickstart/tools/boot/GraphQLJavaToolsAutoConfiguration.class]: Bean instantiation via factory method failed; nested exception is org.springframework.beans.BeanInstantiationException: Failed to instantiate [graphql.kickstart.tools.SchemaParser]: Factory method 'schemaParser' threw exception; nested exception is graphql.parser.InvalidSyntaxException: Invalid Syntax : There are more tokens in the query that have not been consumed offending token 'logging' at line 19 column 1
	at org.springframework.beans.factory.support.ConstructorResolver.instantiate(ConstructorResolver.java:658) ~[spring-beans-5.3.15.jar:5.3.15]
	at org.springframework.beans.factory.support.ConstructorResolver.instantiateUsingFactoryMethod(ConstructorResolver.java:638) ~[spring-beans-5.3.15.jar:5.3.15]
	at org.springframework.beans.factory.support.AbstractAutowireCapableBeanFactory.instantiateUsingFactoryMethod(AbstractAutowireCapableBeanFactory.java:1352) ~[spring-beans-5.3.15.jar:5.3.15]
	at org.springframework.beans.factory.support.AbstractAutowireCapableBeanFactory.createBeanInstance(AbstractAutowireCapableBeanFactory.java:1195) ~[spring-beans-5.3.15.jar:5.3.15]
	at org.springframework.beans.factory.support.AbstractAutowireCapableBeanFactory.doCreateBean(AbstractAutowireCapableBeanFactory.java:582) ~[spring-beans-5.3.15.jar:5.3.15]
	at org.springframework.beans.factory.support.AbstractAutowireCapableBeanFactory.createBean(AbstractAutowireCapableBeanFactory.java:542) ~[spring-beans-5.3.15.jar:5.3.15]
	at org.springframework.beans.factory.support.AbstractBeanFactory.lambda$doGetBean$0(AbstractBeanFactory.java:335) ~[spring-beans-5.3.15.jar:5.3.15]
	at org.springframework.beans.factory.support.DefaultSingletonBeanRegistry.getSingleton(DefaultSingletonBeanRegistry.java:234) ~[spring-beans-5.3.15.jar:5.3.15]
	at org.springframework.beans.factory.support.AbstractBeanFactory.doGetBean(AbstractBeanFactory.java:333) ~[spring-beans-5.3.15.jar:5.3.15]
	at org.springframework.beans.factory.support.AbstractBeanFactory.getBean(AbstractBeanFactory.java:208) ~[spring-beans-5.3.15.jar:5.3.15]
	at org.springframework.beans.factory.support.DefaultListableBeanFactory.preInstantiateSingletons(DefaultListableBeanFactory.java:953) ~[spring-beans-5.3.15.jar:5.3.15]
	at org.springframework.context.support.AbstractApplicationContext.finishBeanFactoryInitialization(AbstractApplicationContext.java:918) ~[spring-context-5.3.15.jar:5.3.15]
	at org.springframework.context.support.AbstractApplicationContext.refresh(AbstractApplicationContext.java:583) ~[spring-context-5.3.15.jar:5.3.15]
	at org.springframework.boot.SpringApplication.refresh(SpringApplication.java:732) ~[spring-boot-2.6.3.jar:2.6.3]
	at org.springframework.boot.SpringApplication.refreshContext(SpringApplication.java:414) ~[spring-boot-2.6.3.jar:2.6.3]
	at org.springframework.boot.SpringApplication.run(SpringApplication.java:302) ~[spring-boot-2.6.3.jar:2.6.3]
	at org.springframework.boot.test.context.SpringBootContextLoader.loadContext(SpringBootContextLoader.java:136) ~[spring-boot-test-2.6.3.jar:2.6.3]
	at org.springframework.test.context.cache.DefaultCacheAwareContextLoaderDelegate.loadContextInternal(DefaultCacheAwareContextLoaderDelegate.java:99) ~[spring-test-5.3.15.jar:5.3.15]
	at org.springframework.test.context.cache.DefaultCacheAwareContextLoaderDelegate.loadContext(DefaultCacheAwareContextLoaderDelegate.java:124) ~[spring-test-5.3.15.jar:5.3.15]
	... 67 common frames omitted
Caused by: org.springframework.beans.BeanInstantiationException: Failed to instantiate [graphql.kickstart.tools.SchemaParser]: Factory method 'schemaParser' threw exception; nested exception is graphql.parser.InvalidSyntaxException: Invalid Syntax : There are more tokens in the query that have not been consumed offending token 'logging' at line 19 column 1
	at org.springframework.beans.factory.support.SimpleInstantiationStrategy.instantiate(SimpleInstantiationStrategy.java:185) ~[spring-beans-5.3.15.jar:5.3.15]
	at org.springframework.beans.factory.support.ConstructorResolver.instantiate(ConstructorResolver.java:653) ~[spring-beans-5.3.15.jar:5.3.15]
	... 85 common frames omitted
Caused by: graphql.parser.InvalidSyntaxException: Invalid Syntax : There are more tokens in the query that have not been consumed offending token 'logging' at line 19 column 1
	at graphql.parser.ExtendedBailStrategy.mkMoreTokensException(ExtendedBailStrategy.java:42) ~[graphql-java-16.2.jar:na]
	at graphql.parser.Parser.parseDocument(Parser.java:93) ~[graphql-java-16.2.jar:na]
	at graphql.parser.Parser.parseDocument(Parser.java:39) ~[graphql-java-16.2.jar:na]
	at graphql.parser.Parser.parseDocument(Parser.java:31) ~[graphql-java-16.2.jar:na]
	at graphql.kickstart.tools.SchemaParserBuilder.parseDocuments(SchemaParserBuilder.kt:172) ~[graphql-java-tools-11.0.0.jar:na]
	at graphql.kickstart.tools.SchemaParserBuilder.parseDefinitions(SchemaParserBuilder.kt:157) ~[graphql-java-tools-11.0.0.jar:na]
	at graphql.kickstart.tools.SchemaParserBuilder.scan(SchemaParserBuilder.kt:150) ~[graphql-java-tools-11.0.0.jar:na]
	at graphql.kickstart.tools.SchemaParserBuilder.build(SchemaParserBuilder.kt:195) ~[graphql-java-tools-11.0.0.jar:na]
	at graphql.kickstart.tools.boot.GraphQLJavaToolsAutoConfiguration.schemaParser(GraphQLJavaToolsAutoConfiguration.java:130) ~[graphql-kickstart-spring-boot-autoconfigure-tools-11.0.0.jar:na]
	at graphql.kickstart.tools.boot.GraphQLJavaToolsAutoConfiguration$$EnhancerBySpringCGLIB$$a743b816.CGLIB$schemaParser$5(<generated>) ~[graphql-kickstart-spring-boot-autoconfigure-tools-11.0.0.jar:na]
	at graphql.kickstart.tools.boot.GraphQLJavaToolsAutoConfiguration$$EnhancerBySpringCGLIB$$a743b816$$FastClassBySpringCGLIB$$41953fc4.invoke(<generated>) ~[graphql-kickstart-spring-boot-autoconfigure-tools-11.0.0.jar:na]
	at org.springframework.cglib.proxy.MethodProxy.invokeSuper(MethodProxy.java:244) ~[spring-core-5.3.15.jar:5.3.15]
	at org.springframework.context.annotation.ConfigurationClassEnhancer$BeanMethodInterceptor.intercept(ConfigurationClassEnhancer.java:331) ~[spring-context-5.3.15.jar:5.3.15]
	at graphql.kickstart.tools.boot.GraphQLJavaToolsAutoConfiguration$$EnhancerBySpringCGLIB$$a743b816.schemaParser(<generated>) ~[graphql-kickstart-spring-boot-autoconfigure-tools-11.0.0.jar:na]
	at java.base/jdk.internal.reflect.DirectMethodHandleAccessor.invoke(DirectMethodHandleAccessor.java:104) ~[na:na]
	at java.base/java.lang.reflect.Method.invoke(Method.java:578) ~[na:na]
	at org.springframework.beans.factory.support.SimpleInstantiationStrategy.instantiate(SimpleInstantiationStrategy.java:154) ~[spring-beans-5.3.15.jar:5.3.15]
	... 86 common frames omitted

]]></system-out>
  </testcase>
</testsuite>